Using pip 25.3 from /home/torpedo/.local/lib/python3.12/site-packages/pip (python 3.12)
Defaulting to user installation because normal site-packages is not writeable
Processing /home/torpedo/Workspace/FL4mamba/packages/mamba_ssm
  Installing build dependencies: started
  Running command installing build dependencies
  Using pip 25.3 from /home/torpedo/.local/lib/python3.12/site-packages/pip (python 3.12)
  Collecting setuptools>=61.0.0
    Obtaining dependency information for setuptools>=61.0.0 from https://files.pythonhosted.org/packages/a3/dc/17031897dae0efacfea57dfd3a82fdd2a2aeb58e0ff71b77b87e44edc772/setuptools-80.9.0-py3-none-any.whl.metadata
    Using cached setuptools-80.9.0-py3-none-any.whl.metadata (6.6 kB)
  Collecting wheel
    Obtaining dependency information for wheel from https://files.pythonhosted.org/packages/0b/2c/87f3254fd8ffd29e4c02732eee68a83a1d3c346ae39bc6822dcbcb697f2b/wheel-0.45.1-py3-none-any.whl.metadata
    Using cached wheel-0.45.1-py3-none-any.whl.metadata (2.3 kB)
  Collecting torch
    Obtaining dependency information for torch from https://files.pythonhosted.org/packages/19/17/e377a460603132b00760511299fceba4102bd95db1a0ee788da21298ccff/torch-2.9.1-cp312-cp312-manylinux_2_28_x86_64.whl.metadata
    Using cached torch-2.9.1-cp312-cp312-manylinux_2_28_x86_64.whl.metadata (30 kB)
  Collecting packaging
    Obtaining dependency information for packaging from https://files.pythonhosted.org/packages/20/12/38679034af332785aac8774540895e234f4d07f7545804097de4b666afd8/packaging-25.0-py3-none-any.whl.metadata
    Using cached packaging-25.0-py3-none-any.whl.metadata (3.3 kB)
  Collecting ninja
    Obtaining dependency information for ninja from https://files.pythonhosted.org/packages/ed/de/0e6edf44d6a04dabd0318a519125ed0415ce437ad5a1ec9b9be03d9048cf/ninja-1.13.0-py3-none-manylinux2014_x86_64.manylinux_2_17_x86_64.whl.metadata
    Using cached ninja-1.13.0-py3-none-manylinux2014_x86_64.manylinux_2_17_x86_64.whl.metadata (5.1 kB)
  Collecting filelock (from torch)
    Obtaining dependency information for filelock from https://files.pythonhosted.org/packages/76/91/7216b27286936c16f5b4d0c530087e4a54eead683e6b0b73dd0c64844af6/filelock-3.20.0-py3-none-any.whl.metadata
    Using cached filelock-3.20.0-py3-none-any.whl.metadata (2.1 kB)
  Collecting typing-extensions>=4.10.0 (from torch)
    Obtaining dependency information for typing-extensions>=4.10.0 from https://files.pythonhosted.org/packages/18/67/36e9267722cc04a6b9f15c7f3441c2363321a3ea07da7ae0c0707beb2a9c/typing_extensions-4.15.0-py3-none-any.whl.metadata
    Using cached typing_extensions-4.15.0-py3-none-any.whl.metadata (3.3 kB)
  Collecting sympy>=1.13.3 (from torch)
    Obtaining dependency information for sympy>=1.13.3 from https://files.pythonhosted.org/packages/a2/09/77d55d46fd61b4a135c444fc97158ef34a095e5681d0a6c10b75bf356191/sympy-1.14.0-py3-none-any.whl.metadata
    Using cached sympy-1.14.0-py3-none-any.whl.metadata (12 kB)
  Collecting networkx>=2.5.1 (from torch)
    Obtaining dependency information for networkx>=2.5.1 from https://files.pythonhosted.org/packages/07/c7/d64168da60332c17d24c0d2f08bdf3987e8d1ae9d84b5bbd0eec2eb26a55/networkx-3.6-py3-none-any.whl.metadata
    Using cached networkx-3.6-py3-none-any.whl.metadata (6.8 kB)
  Collecting jinja2 (from torch)
    Obtaining dependency information for jinja2 from https://files.pythonhosted.org/packages/62/a1/3d680cbfd5f4b8f15abc1d571870c5fc3e594bb582bc3b64ea099db13e56/jinja2-3.1.6-py3-none-any.whl.metadata
    Using cached jinja2-3.1.6-py3-none-any.whl.metadata (2.9 kB)
  Collecting fsspec>=0.8.5 (from torch)
    Obtaining dependency information for fsspec>=0.8.5 from https://files.pythonhosted.org/packages/eb/02/a6b21098b1d5d6249b7c5ab69dde30108a71e4e819d4a9778f1de1d5b70d/fsspec-2025.10.0-py3-none-any.whl.metadata
    Using cached fsspec-2025.10.0-py3-none-any.whl.metadata (10 kB)
  Collecting nvidia-cuda-nvrtc-cu12==12.8.93 (from torch)
    Obtaining dependency information for nvidia-cuda-nvrtc-cu12==12.8.93 from https://files.pythonhosted.org/packages/05/6b/32f747947df2da6994e999492ab306a903659555dddc0fbdeb9d71f75e52/nvidia_cuda_nvrtc_cu12-12.8.93-py3-none-manylinux2010_x86_64.manylinux_2_12_x86_64.whl.metadata
    Using cached nvidia_cuda_nvrtc_cu12-12.8.93-py3-none-manylinux2010_x86_64.manylinux_2_12_x86_64.whl.metadata (1.7 kB)
  Collecting nvidia-cuda-runtime-cu12==12.8.90 (from torch)
    Obtaining dependency information for nvidia-cuda-runtime-cu12==12.8.90 from https://files.pythonhosted.org/packages/0d/9b/a997b638fcd068ad6e4d53b8551a7d30fe8b404d6f1804abf1df69838932/nvidia_cuda_runtime_cu12-12.8.90-py3-none-manylinux2014_x86_64.manylinux_2_17_x86_64.whl.metadata
    Using cached nvidia_cuda_runtime_cu12-12.8.90-py3-none-manylinux2014_x86_64.manylinux_2_17_x86_64.whl.metadata (1.7 kB)
  Collecting nvidia-cuda-cupti-cu12==12.8.90 (from torch)
    Obtaining dependency information for nvidia-cuda-cupti-cu12==12.8.90 from https://files.pythonhosted.org/packages/f8/02/2adcaa145158bf1a8295d83591d22e4103dbfd821bcaf6f3f53151ca4ffa/nvidia_cuda_cupti_cu12-12.8.90-py3-none-manylinux2014_x86_64.manylinux_2_17_x86_64.whl.metadata
    Using cached nvidia_cuda_cupti_cu12-12.8.90-py3-none-manylinux2014_x86_64.manylinux_2_17_x86_64.whl.metadata (1.7 kB)
  Collecting nvidia-cudnn-cu12==9.10.2.21 (from torch)
    Obtaining dependency information for nvidia-cudnn-cu12==9.10.2.21 from https://files.pythonhosted.org/packages/ba/51/e123d997aa098c61d029f76663dedbfb9bc8dcf8c60cbd6adbe42f76d049/nvidia_cudnn_cu12-9.10.2.21-py3-none-manylinux_2_27_x86_64.whl.metadata
    Using cached nvidia_cudnn_cu12-9.10.2.21-py3-none-manylinux_2_27_x86_64.whl.metadata (1.8 kB)
  Collecting nvidia-cublas-cu12==12.8.4.1 (from torch)
    Obtaining dependency information for nvidia-cublas-cu12==12.8.4.1 from https://files.pythonhosted.org/packages/dc/61/e24b560ab2e2eaeb3c839129175fb330dfcfc29e5203196e5541a4c44682/nvidia_cublas_cu12-12.8.4.1-py3-none-manylinux_2_27_x86_64.whl.metadata
    Using cached nvidia_cublas_cu12-12.8.4.1-py3-none-manylinux_2_27_x86_64.whl.metadata (1.7 kB)
  Collecting nvidia-cufft-cu12==11.3.3.83 (from torch)
    Obtaining dependency information for nvidia-cufft-cu12==11.3.3.83 from https://files.pythonhosted.org/packages/1f/13/ee4e00f30e676b66ae65b4f08cb5bcbb8392c03f54f2d5413ea99a5d1c80/nvidia_cufft_cu12-11.3.3.83-py3-none-manylinux2014_x86_64.manylinux_2_17_x86_64.whl.metadata
    Using cached nvidia_cufft_cu12-11.3.3.83-py3-none-manylinux2014_x86_64.manylinux_2_17_x86_64.whl.metadata (1.7 kB)
  Collecting nvidia-curand-cu12==10.3.9.90 (from torch)
    Obtaining dependency information for nvidia-curand-cu12==10.3.9.90 from https://files.pythonhosted.org/packages/fb/aa/6584b56dc84ebe9cf93226a5cde4d99080c8e90ab40f0c27bda7a0f29aa1/nvidia_curand_cu12-10.3.9.90-py3-none-manylinux_2_27_x86_64.whl.metadata
    Using cached nvidia_curand_cu12-10.3.9.90-py3-none-manylinux_2_27_x86_64.whl.metadata (1.7 kB)
  Collecting nvidia-cusolver-cu12==11.7.3.90 (from torch)
    Obtaining dependency information for nvidia-cusolver-cu12==11.7.3.90 from https://files.pythonhosted.org/packages/85/48/9a13d2975803e8cf2777d5ed57b87a0b6ca2cc795f9a4f59796a910bfb80/nvidia_cusolver_cu12-11.7.3.90-py3-none-manylinux_2_27_x86_64.whl.metadata
    Using cached nvidia_cusolver_cu12-11.7.3.90-py3-none-manylinux_2_27_x86_64.whl.metadata (1.8 kB)
  Collecting nvidia-cusparse-cu12==12.5.8.93 (from torch)
    Obtaining dependency information for nvidia-cusparse-cu12==12.5.8.93 from https://files.pythonhosted.org/packages/c2/f5/e1854cb2f2bcd4280c44736c93550cc300ff4b8c95ebe370d0aa7d2b473d/nvidia_cusparse_cu12-12.5.8.93-py3-none-manylinux2014_x86_64.manylinux_2_17_x86_64.whl.metadata
    Using cached nvidia_cusparse_cu12-12.5.8.93-py3-none-manylinux2014_x86_64.manylinux_2_17_x86_64.whl.metadata (1.8 kB)
  Collecting nvidia-cusparselt-cu12==0.7.1 (from torch)
    Obtaining dependency information for nvidia-cusparselt-cu12==0.7.1 from https://files.pythonhosted.org/packages/56/79/12978b96bd44274fe38b5dde5cfb660b1d114f70a65ef962bcbbed99b549/nvidia_cusparselt_cu12-0.7.1-py3-none-manylinux2014_x86_64.whl.metadata
    Using cached nvidia_cusparselt_cu12-0.7.1-py3-none-manylinux2014_x86_64.whl.metadata (7.0 kB)
  Collecting nvidia-nccl-cu12==2.27.5 (from torch)
    Obtaining dependency information for nvidia-nccl-cu12==2.27.5 from https://files.pythonhosted.org/packages/6e/89/f7a07dc961b60645dbbf42e80f2bc85ade7feb9a491b11a1e973aa00071f/nvidia_nccl_cu12-2.27.5-py3-none-manylinux2014_x86_64.manylinux_2_17_x86_64.whl.metadata
    Using cached nvidia_nccl_cu12-2.27.5-py3-none-manylinux2014_x86_64.manylinux_2_17_x86_64.whl.metadata (2.0 kB)
  Collecting nvidia-nvshmem-cu12==3.3.20 (from torch)
    Obtaining dependency information for nvidia-nvshmem-cu12==3.3.20 from https://files.pythonhosted.org/packages/3b/6c/99acb2f9eb85c29fc6f3a7ac4dccfd992e22666dd08a642b303311326a97/nvidia_nvshmem_cu12-3.3.20-py3-none-manylinux2014_x86_64.manylinux_2_17_x86_64.whl.metadata
    Using cached nvidia_nvshmem_cu12-3.3.20-py3-none-manylinux2014_x86_64.manylinux_2_17_x86_64.whl.metadata (2.1 kB)
  Collecting nvidia-nvtx-cu12==12.8.90 (from torch)
    Obtaining dependency information for nvidia-nvtx-cu12==12.8.90 from https://files.pythonhosted.org/packages/a2/eb/86626c1bbc2edb86323022371c39aa48df6fd8b0a1647bc274577f72e90b/nvidia_nvtx_cu12-12.8.90-py3-none-manylinux2014_x86_64.manylinux_2_17_x86_64.whl.metadata
    Using cached nvidia_nvtx_cu12-12.8.90-py3-none-manylinux2014_x86_64.manylinux_2_17_x86_64.whl.metadata (1.8 kB)
  Collecting nvidia-nvjitlink-cu12==12.8.93 (from torch)
    Obtaining dependency information for nvidia-nvjitlink-cu12==12.8.93 from https://files.pythonhosted.org/packages/f6/74/86a07f1d0f42998ca31312f998bd3b9a7eff7f52378f4f270c8679c77fb9/nvidia_nvjitlink_cu12-12.8.93-py3-none-manylinux2010_x86_64.manylinux_2_12_x86_64.whl.metadata
    Using cached nvidia_nvjitlink_cu12-12.8.93-py3-none-manylinux2010_x86_64.manylinux_2_12_x86_64.whl.metadata (1.7 kB)
  Collecting nvidia-cufile-cu12==1.13.1.3 (from torch)
    Obtaining dependency information for nvidia-cufile-cu12==1.13.1.3 from https://files.pythonhosted.org/packages/bb/fe/1bcba1dfbfb8d01be8d93f07bfc502c93fa23afa6fd5ab3fc7c1df71038a/nvidia_cufile_cu12-1.13.1.3-py3-none-manylinux2014_x86_64.manylinux_2_17_x86_64.whl.metadata
    Using cached nvidia_cufile_cu12-1.13.1.3-py3-none-manylinux2014_x86_64.manylinux_2_17_x86_64.whl.metadata (1.7 kB)
  Collecting triton==3.5.1 (from torch)
    Obtaining dependency information for triton==3.5.1 from https://files.pythonhosted.org/packages/f2/50/9a8358d3ef58162c0a415d173cfb45b67de60176e1024f71fbc4d24c0b6d/triton-3.5.1-cp312-cp312-manylinux_2_27_x86_64.manylinux_2_28_x86_64.whl.metadata
    Using cached triton-3.5.1-cp312-cp312-manylinux_2_27_x86_64.manylinux_2_28_x86_64.whl.metadata (1.7 kB)
  Collecting mpmath<1.4,>=1.1.0 (from sympy>=1.13.3->torch)
    Obtaining dependency information for mpmath<1.4,>=1.1.0 from https://files.pythonhosted.org/packages/43/e3/7d92a15f894aa0c9c4b49b8ee9ac9850d6e63b03c9c32c0367a13ae62209/mpmath-1.3.0-py3-none-any.whl.metadata
    Using cached mpmath-1.3.0-py3-none-any.whl.metadata (8.6 kB)
  Collecting MarkupSafe>=2.0 (from jinja2->torch)
    Obtaining dependency information for MarkupSafe>=2.0 from https://files.pythonhosted.org/packages/3c/2e/8d0c2ab90a8c1d9a24f0399058ab8519a3279d1bd4289511d74e909f060e/markupsafe-3.0.3-cp312-cp312-manylinux2014_x86_64.manylinux_2_17_x86_64.manylinux_2_28_x86_64.whl.metadata
    Using cached markupsafe-3.0.3-cp312-cp312-manylinux2014_x86_64.manylinux_2_17_x86_64.manylinux_2_28_x86_64.whl.metadata (2.7 kB)
  Using cached setuptools-80.9.0-py3-none-any.whl (1.2 MB)
  Using cached wheel-0.45.1-py3-none-any.whl (72 kB)
  Using cached torch-2.9.1-cp312-cp312-manylinux_2_28_x86_64.whl (899.7 MB)
  Using cached nvidia_cublas_cu12-12.8.4.1-py3-none-manylinux_2_27_x86_64.whl (594.3 MB)
  Using cached nvidia_cuda_cupti_cu12-12.8.90-py3-none-manylinux2014_x86_64.manylinux_2_17_x86_64.whl (10.2 MB)
  Using cached nvidia_cuda_nvrtc_cu12-12.8.93-py3-none-manylinux2010_x86_64.manylinux_2_12_x86_64.whl (88.0 MB)
  Using cached nvidia_cuda_runtime_cu12-12.8.90-py3-none-manylinux2014_x86_64.manylinux_2_17_x86_64.whl (954 kB)
  Using cached nvidia_cudnn_cu12-9.10.2.21-py3-none-manylinux_2_27_x86_64.whl (706.8 MB)
  Using cached nvidia_cufft_cu12-11.3.3.83-py3-none-manylinux2014_x86_64.manylinux_2_17_x86_64.whl (193.1 MB)
  Using cached nvidia_cufile_cu12-1.13.1.3-py3-none-manylinux2014_x86_64.manylinux_2_17_x86_64.whl (1.2 MB)
  Using cached nvidia_curand_cu12-10.3.9.90-py3-none-manylinux_2_27_x86_64.whl (63.6 MB)
  Using cached nvidia_cusolver_cu12-11.7.3.90-py3-none-manylinux_2_27_x86_64.whl (267.5 MB)
  Using cached nvidia_cusparse_cu12-12.5.8.93-py3-none-manylinux2014_x86_64.manylinux_2_17_x86_64.whl (288.2 MB)
  Using cached nvidia_cusparselt_cu12-0.7.1-py3-none-manylinux2014_x86_64.whl (287.2 MB)
  Using cached nvidia_nccl_cu12-2.27.5-py3-none-manylinux2014_x86_64.manylinux_2_17_x86_64.whl (322.3 MB)
  Using cached nvidia_nvjitlink_cu12-12.8.93-py3-none-manylinux2010_x86_64.manylinux_2_12_x86_64.whl (39.3 MB)
  Using cached nvidia_nvshmem_cu12-3.3.20-py3-none-manylinux2014_x86_64.manylinux_2_17_x86_64.whl (124.7 MB)
  Using cached nvidia_nvtx_cu12-12.8.90-py3-none-manylinux2014_x86_64.manylinux_2_17_x86_64.whl (89 kB)
  Using cached triton-3.5.1-cp312-cp312-manylinux_2_27_x86_64.manylinux_2_28_x86_64.whl (170.5 MB)
  Using cached packaging-25.0-py3-none-any.whl (66 kB)
  Using cached ninja-1.13.0-py3-none-manylinux2014_x86_64.manylinux_2_17_x86_64.whl (180 kB)
  Using cached fsspec-2025.10.0-py3-none-any.whl (200 kB)
  Using cached networkx-3.6-py3-none-any.whl (2.1 MB)
  Using cached sympy-1.14.0-py3-none-any.whl (6.3 MB)
  Using cached mpmath-1.3.0-py3-none-any.whl (536 kB)
  Using cached typing_extensions-4.15.0-py3-none-any.whl (44 kB)
  Using cached filelock-3.20.0-py3-none-any.whl (16 kB)
  Using cached jinja2-3.1.6-py3-none-any.whl (134 kB)
  Using cached markupsafe-3.0.3-cp312-cp312-manylinux2014_x86_64.manylinux_2_17_x86_64.manylinux_2_28_x86_64.whl (22 kB)
  Installing collected packages: nvidia-cusparselt-cu12, mpmath, wheel, typing-extensions, triton, sympy, setuptools, packaging, nvidia-nvtx-cu12, nvidia-nvshmem-cu12, nvidia-nvjitlink-cu12, nvidia-nccl-cu12, nvidia-curand-cu12, nvidia-cufile-cu12, nvidia-cuda-runtime-cu12, nvidia-cuda-nvrtc-cu12, nvidia-cuda-cupti-cu12, nvidia-cublas-cu12, ninja, networkx, MarkupSafe, fsspec, filelock, nvidia-cusparse-cu12, nvidia-cufft-cu12, nvidia-cudnn-cu12, jinja2, nvidia-cusolver-cu12, torch
    Creating /tmp/pip-build-env-j8fj9qom/overlay/local/bin
    changing mode of /tmp/pip-build-env-j8fj9qom/overlay/local/bin/wheel to 755
    changing mode of /tmp/pip-build-env-j8fj9qom/overlay/local/bin/proton to 755
    changing mode of /tmp/pip-build-env-j8fj9qom/overlay/local/bin/proton-viewer to 755
    changing mode of /tmp/pip-build-env-j8fj9qom/overlay/local/bin/isympy to 755
    changing mode of /tmp/pip-build-env-j8fj9qom/overlay/local/bin/torchfrtrace to 755
    changing mode of /tmp/pip-build-env-j8fj9qom/overlay/local/bin/torchrun to 755

  ERROR: pip's dependency resolver does not currently take into account all the packages that are installed. This behaviour is the source of the following dependency conflicts.
  matplotlib 3.10.7 requires numpy>=1.23, which is not installed.
  matplotlib 3.10.7 requires pillow>=8, which is not installed.
  seaborn 0.13.2 requires numpy!=1.24.0,>=1.20, which is not installed.
  Successfully installed MarkupSafe-3.0.3 filelock-3.20.0 fsspec-2025.10.0 jinja2-3.1.6 mpmath-1.3.0 networkx-3.6 ninja-1.13.0 nvidia-cublas-cu12-12.8.4.1 nvidia-cuda-cupti-cu12-12.8.90 nvidia-cuda-nvrtc-cu12-12.8.93 nvidia-cuda-runtime-cu12-12.8.90 nvidia-cudnn-cu12-9.10.2.21 nvidia-cufft-cu12-11.3.3.83 nvidia-cufile-cu12-1.13.1.3 nvidia-curand-cu12-10.3.9.90 nvidia-cusolver-cu12-11.7.3.90 nvidia-cusparse-cu12-12.5.8.93 nvidia-cusparselt-cu12-0.7.1 nvidia-nccl-cu12-2.27.5 nvidia-nvjitlink-cu12-12.8.93 nvidia-nvshmem-cu12-3.3.20 nvidia-nvtx-cu12-12.8.90 packaging-25.0 setuptools-80.9.0 sympy-1.14.0 torch-2.9.1 triton-3.5.1 typing-extensions-4.15.0 wheel-0.45.1
  Installing build dependencies: finished with status 'done'
  Getting requirements to build wheel: started
  Running command Getting requirements to build wheel
  /tmp/pip-build-env-j8fj9qom/overlay/local/lib/python3.12/dist-packages/torch/_subclasses/functional_tensor.py:279: UserWarning: Failed to initialize NumPy: No module named 'numpy' (Triggered internally at /pytorch/torch/csrc/utils/tensor_numpy.cpp:84.)
    cpu = _conversion_method_template(device=torch.device("cpu"))
  /tmp/pip-build-env-j8fj9qom/overlay/local/lib/python3.12/dist-packages/setuptools/config/_apply_pyprojecttoml.py:82: SetuptoolsDeprecationWarning: `project.license` as a TOML table is deprecated
  !!

          ********************************************************************************
          Please use a simple string containing a SPDX expression for `project.license`. You can also use `project.license-files`. (Both options available on setuptools>=77.0.0).

          By 2026-Feb-18, you need to update your project and remove deprecated calls
          or your builds will no longer be supported.

          See https://packaging.python.org/en/latest/guides/writing-pyproject-toml/#license for details.
          ********************************************************************************

  !!
    corresp(dist, value, root_dir)
  /tmp/pip-build-env-j8fj9qom/overlay/local/lib/python3.12/dist-packages/setuptools/config/_apply_pyprojecttoml.py:82: SetuptoolsWarning: `install_requires` overwritten in `pyproject.toml` (dependencies)
    corresp(dist, value, root_dir)
  /tmp/pip-build-env-j8fj9qom/overlay/local/lib/python3.12/dist-packages/setuptools/config/_apply_pyprojecttoml.py:61: SetuptoolsDeprecationWarning: License classifiers are deprecated.
  !!

          ********************************************************************************
          Please consider removing the following classifiers in favor of a SPDX license expression:

          License :: OSI Approved :: Apache Software License

          See https://packaging.python.org/en/latest/guides/writing-pyproject-toml/#license for details.
          ********************************************************************************

  !!
    dist._finalize_license_expression()
  /tmp/pip-build-env-j8fj9qom/overlay/local/lib/python3.12/dist-packages/setuptools/dist.py:759: SetuptoolsDeprecationWarning: License classifiers are deprecated.
  !!

          ********************************************************************************
          Please consider removing the following classifiers in favor of a SPDX license expression:

          License :: OSI Approved :: Apache Software License

          See https://packaging.python.org/en/latest/guides/writing-pyproject-toml/#license for details.
          ********************************************************************************

  !!
    self._finalize_license_expression()


  torch.__version__  = 2.9.1+cu128


  running egg_info
  writing mamba_ssm.egg-info/PKG-INFO
  writing dependency_links to mamba_ssm.egg-info/dependency_links.txt
  writing requirements to mamba_ssm.egg-info/requires.txt
  writing top-level names to mamba_ssm.egg-info/top_level.txt
  reading manifest file 'mamba_ssm.egg-info/SOURCES.txt'
  reading manifest template 'MANIFEST.in'
  warning: manifest_maker: MANIFEST.in, line 3: unknown action 'README.md'

  adding license file 'LICENSE'
  adding license file 'AUTHORS'
  writing manifest file 'mamba_ssm.egg-info/SOURCES.txt'
  Getting requirements to build wheel: finished with status 'done'
  Preparing metadata (pyproject.toml): started
  Running command Preparing metadata (pyproject.toml)
  /tmp/pip-build-env-j8fj9qom/overlay/local/lib/python3.12/dist-packages/torch/_subclasses/functional_tensor.py:279: UserWarning: Failed to initialize NumPy: No module named 'numpy' (Triggered internally at /pytorch/torch/csrc/utils/tensor_numpy.cpp:84.)
    cpu = _conversion_method_template(device=torch.device("cpu"))
  /tmp/pip-build-env-j8fj9qom/overlay/local/lib/python3.12/dist-packages/setuptools/config/_apply_pyprojecttoml.py:82: SetuptoolsDeprecationWarning: `project.license` as a TOML table is deprecated
  !!

          ********************************************************************************
          Please use a simple string containing a SPDX expression for `project.license`. You can also use `project.license-files`. (Both options available on setuptools>=77.0.0).

          By 2026-Feb-18, you need to update your project and remove deprecated calls
          or your builds will no longer be supported.

          See https://packaging.python.org/en/latest/guides/writing-pyproject-toml/#license for details.
          ********************************************************************************

  !!
    corresp(dist, value, root_dir)
  /tmp/pip-build-env-j8fj9qom/overlay/local/lib/python3.12/dist-packages/setuptools/config/_apply_pyprojecttoml.py:82: SetuptoolsWarning: `install_requires` overwritten in `pyproject.toml` (dependencies)
    corresp(dist, value, root_dir)
  /tmp/pip-build-env-j8fj9qom/overlay/local/lib/python3.12/dist-packages/setuptools/config/_apply_pyprojecttoml.py:61: SetuptoolsDeprecationWarning: License classifiers are deprecated.
  !!

          ********************************************************************************
          Please consider removing the following classifiers in favor of a SPDX license expression:

          License :: OSI Approved :: Apache Software License

          See https://packaging.python.org/en/latest/guides/writing-pyproject-toml/#license for details.
          ********************************************************************************

  !!
    dist._finalize_license_expression()
  /tmp/pip-build-env-j8fj9qom/overlay/local/lib/python3.12/dist-packages/setuptools/dist.py:759: SetuptoolsDeprecationWarning: License classifiers are deprecated.
  !!

          ********************************************************************************
          Please consider removing the following classifiers in favor of a SPDX license expression:

          License :: OSI Approved :: Apache Software License

          See https://packaging.python.org/en/latest/guides/writing-pyproject-toml/#license for details.
          ********************************************************************************

  !!
    self._finalize_license_expression()


  torch.__version__  = 2.9.1+cu128


  running dist_info
  creating /tmp/pip-modern-metadata-fvq4haj4/mamba_ssm.egg-info
  writing /tmp/pip-modern-metadata-fvq4haj4/mamba_ssm.egg-info/PKG-INFO
  writing dependency_links to /tmp/pip-modern-metadata-fvq4haj4/mamba_ssm.egg-info/dependency_links.txt
  writing requirements to /tmp/pip-modern-metadata-fvq4haj4/mamba_ssm.egg-info/requires.txt
  writing top-level names to /tmp/pip-modern-metadata-fvq4haj4/mamba_ssm.egg-info/top_level.txt
  writing manifest file '/tmp/pip-modern-metadata-fvq4haj4/mamba_ssm.egg-info/SOURCES.txt'
  reading manifest file '/tmp/pip-modern-metadata-fvq4haj4/mamba_ssm.egg-info/SOURCES.txt'
  reading manifest template 'MANIFEST.in'
  warning: manifest_maker: MANIFEST.in, line 3: unknown action 'README.md'

  adding license file 'LICENSE'
  adding license file 'AUTHORS'
  writing manifest file '/tmp/pip-modern-metadata-fvq4haj4/mamba_ssm.egg-info/SOURCES.txt'
  creating '/tmp/pip-modern-metadata-fvq4haj4/mamba_ssm-2.2.6.post3.dist-info'
  Preparing metadata (pyproject.toml): finished with status 'done'
Collecting torch (from mamba_ssm==2.2.6.post3)
  Obtaining dependency information for torch from https://files.pythonhosted.org/packages/19/17/e377a460603132b00760511299fceba4102bd95db1a0ee788da21298ccff/torch-2.9.1-cp312-cp312-manylinux_2_28_x86_64.whl.metadata
  Using cached torch-2.9.1-cp312-cp312-manylinux_2_28_x86_64.whl.metadata (30 kB)
Collecting triton (from mamba_ssm==2.2.6.post3)
  Obtaining dependency information for triton from https://files.pythonhosted.org/packages/f2/50/9a8358d3ef58162c0a415d173cfb45b67de60176e1024f71fbc4d24c0b6d/triton-3.5.1-cp312-cp312-manylinux_2_27_x86_64.manylinux_2_28_x86_64.whl.metadata
  Using cached triton-3.5.1-cp312-cp312-manylinux_2_27_x86_64.manylinux_2_28_x86_64.whl.metadata (1.7 kB)
Collecting ninja (from mamba_ssm==2.2.6.post3)
  Obtaining dependency information for ninja from https://files.pythonhosted.org/packages/ed/de/0e6edf44d6a04dabd0318a519125ed0415ce437ad5a1ec9b9be03d9048cf/ninja-1.13.0-py3-none-manylinux2014_x86_64.manylinux_2_17_x86_64.whl.metadata
  Using cached ninja-1.13.0-py3-none-manylinux2014_x86_64.manylinux_2_17_x86_64.whl.metadata (5.1 kB)
Collecting einops (from mamba_ssm==2.2.6.post3)
  Obtaining dependency information for einops from https://files.pythonhosted.org/packages/87/62/9773de14fe6c45c23649e98b83231fffd7b9892b6cf863251dc2afa73643/einops-0.8.1-py3-none-any.whl.metadata
  Using cached einops-0.8.1-py3-none-any.whl.metadata (13 kB)
Collecting transformers (from mamba_ssm==2.2.6.post3)
  Obtaining dependency information for transformers from https://files.pythonhosted.org/packages/6a/6b/2f416568b3c4c91c96e5a365d164f8a4a4a88030aa8ab4644181fdadce97/transformers-4.57.3-py3-none-any.whl.metadata
  Using cached transformers-4.57.3-py3-none-any.whl.metadata (43 kB)
Requirement already satisfied: packaging in /usr/lib/python3/dist-packages (from mamba_ssm==2.2.6.post3) (24.0)
Requirement already satisfied: setuptools>=61.0.0 in /usr/lib/python3/dist-packages (from mamba_ssm==2.2.6.post3) (68.1.2)
Collecting filelock (from torch->mamba_ssm==2.2.6.post3)
  Obtaining dependency information for filelock from https://files.pythonhosted.org/packages/76/91/7216b27286936c16f5b4d0c530087e4a54eead683e6b0b73dd0c64844af6/filelock-3.20.0-py3-none-any.whl.metadata
  Using cached filelock-3.20.0-py3-none-any.whl.metadata (2.1 kB)
Requirement already satisfied: typing-extensions>=4.10.0 in /usr/lib/python3/dist-packages (from torch->mamba_ssm==2.2.6.post3) (4.10.0)
Collecting sympy>=1.13.3 (from torch->mamba_ssm==2.2.6.post3)
  Obtaining dependency information for sympy>=1.13.3 from https://files.pythonhosted.org/packages/a2/09/77d55d46fd61b4a135c444fc97158ef34a095e5681d0a6c10b75bf356191/sympy-1.14.0-py3-none-any.whl.metadata
  Using cached sympy-1.14.0-py3-none-any.whl.metadata (12 kB)
Collecting networkx>=2.5.1 (from torch->mamba_ssm==2.2.6.post3)
  Obtaining dependency information for networkx>=2.5.1 from https://files.pythonhosted.org/packages/07/c7/d64168da60332c17d24c0d2f08bdf3987e8d1ae9d84b5bbd0eec2eb26a55/networkx-3.6-py3-none-any.whl.metadata
  Using cached networkx-3.6-py3-none-any.whl.metadata (6.8 kB)
Requirement already satisfied: jinja2 in /usr/lib/python3/dist-packages (from torch->mamba_ssm==2.2.6.post3) (3.1.2)
Collecting fsspec>=0.8.5 (from torch->mamba_ssm==2.2.6.post3)
  Obtaining dependency information for fsspec>=0.8.5 from https://files.pythonhosted.org/packages/eb/02/a6b21098b1d5d6249b7c5ab69dde30108a71e4e819d4a9778f1de1d5b70d/fsspec-2025.10.0-py3-none-any.whl.metadata
  Using cached fsspec-2025.10.0-py3-none-any.whl.metadata (10 kB)
Collecting nvidia-cuda-nvrtc-cu12==12.8.93 (from torch->mamba_ssm==2.2.6.post3)
  Obtaining dependency information for nvidia-cuda-nvrtc-cu12==12.8.93 from https://files.pythonhosted.org/packages/05/6b/32f747947df2da6994e999492ab306a903659555dddc0fbdeb9d71f75e52/nvidia_cuda_nvrtc_cu12-12.8.93-py3-none-manylinux2010_x86_64.manylinux_2_12_x86_64.whl.metadata
  Using cached nvidia_cuda_nvrtc_cu12-12.8.93-py3-none-manylinux2010_x86_64.manylinux_2_12_x86_64.whl.metadata (1.7 kB)
Collecting nvidia-cuda-runtime-cu12==12.8.90 (from torch->mamba_ssm==2.2.6.post3)
  Obtaining dependency information for nvidia-cuda-runtime-cu12==12.8.90 from https://files.pythonhosted.org/packages/0d/9b/a997b638fcd068ad6e4d53b8551a7d30fe8b404d6f1804abf1df69838932/nvidia_cuda_runtime_cu12-12.8.90-py3-none-manylinux2014_x86_64.manylinux_2_17_x86_64.whl.metadata
  Using cached nvidia_cuda_runtime_cu12-12.8.90-py3-none-manylinux2014_x86_64.manylinux_2_17_x86_64.whl.metadata (1.7 kB)
Collecting nvidia-cuda-cupti-cu12==12.8.90 (from torch->mamba_ssm==2.2.6.post3)
  Obtaining dependency information for nvidia-cuda-cupti-cu12==12.8.90 from https://files.pythonhosted.org/packages/f8/02/2adcaa145158bf1a8295d83591d22e4103dbfd821bcaf6f3f53151ca4ffa/nvidia_cuda_cupti_cu12-12.8.90-py3-none-manylinux2014_x86_64.manylinux_2_17_x86_64.whl.metadata
  Using cached nvidia_cuda_cupti_cu12-12.8.90-py3-none-manylinux2014_x86_64.manylinux_2_17_x86_64.whl.metadata (1.7 kB)
Collecting nvidia-cudnn-cu12==9.10.2.21 (from torch->mamba_ssm==2.2.6.post3)
  Obtaining dependency information for nvidia-cudnn-cu12==9.10.2.21 from https://files.pythonhosted.org/packages/ba/51/e123d997aa098c61d029f76663dedbfb9bc8dcf8c60cbd6adbe42f76d049/nvidia_cudnn_cu12-9.10.2.21-py3-none-manylinux_2_27_x86_64.whl.metadata
  Using cached nvidia_cudnn_cu12-9.10.2.21-py3-none-manylinux_2_27_x86_64.whl.metadata (1.8 kB)
Collecting nvidia-cublas-cu12==12.8.4.1 (from torch->mamba_ssm==2.2.6.post3)
  Obtaining dependency information for nvidia-cublas-cu12==12.8.4.1 from https://files.pythonhosted.org/packages/dc/61/e24b560ab2e2eaeb3c839129175fb330dfcfc29e5203196e5541a4c44682/nvidia_cublas_cu12-12.8.4.1-py3-none-manylinux_2_27_x86_64.whl.metadata
  Using cached nvidia_cublas_cu12-12.8.4.1-py3-none-manylinux_2_27_x86_64.whl.metadata (1.7 kB)
Collecting nvidia-cufft-cu12==11.3.3.83 (from torch->mamba_ssm==2.2.6.post3)
  Obtaining dependency information for nvidia-cufft-cu12==11.3.3.83 from https://files.pythonhosted.org/packages/1f/13/ee4e00f30e676b66ae65b4f08cb5bcbb8392c03f54f2d5413ea99a5d1c80/nvidia_cufft_cu12-11.3.3.83-py3-none-manylinux2014_x86_64.manylinux_2_17_x86_64.whl.metadata
  Using cached nvidia_cufft_cu12-11.3.3.83-py3-none-manylinux2014_x86_64.manylinux_2_17_x86_64.whl.metadata (1.7 kB)
Collecting nvidia-curand-cu12==10.3.9.90 (from torch->mamba_ssm==2.2.6.post3)
  Obtaining dependency information for nvidia-curand-cu12==10.3.9.90 from https://files.pythonhosted.org/packages/fb/aa/6584b56dc84ebe9cf93226a5cde4d99080c8e90ab40f0c27bda7a0f29aa1/nvidia_curand_cu12-10.3.9.90-py3-none-manylinux_2_27_x86_64.whl.metadata
  Using cached nvidia_curand_cu12-10.3.9.90-py3-none-manylinux_2_27_x86_64.whl.metadata (1.7 kB)
Collecting nvidia-cusolver-cu12==11.7.3.90 (from torch->mamba_ssm==2.2.6.post3)
  Obtaining dependency information for nvidia-cusolver-cu12==11.7.3.90 from https://files.pythonhosted.org/packages/85/48/9a13d2975803e8cf2777d5ed57b87a0b6ca2cc795f9a4f59796a910bfb80/nvidia_cusolver_cu12-11.7.3.90-py3-none-manylinux_2_27_x86_64.whl.metadata
  Using cached nvidia_cusolver_cu12-11.7.3.90-py3-none-manylinux_2_27_x86_64.whl.metadata (1.8 kB)
Collecting nvidia-cusparse-cu12==12.5.8.93 (from torch->mamba_ssm==2.2.6.post3)
  Obtaining dependency information for nvidia-cusparse-cu12==12.5.8.93 from https://files.pythonhosted.org/packages/c2/f5/e1854cb2f2bcd4280c44736c93550cc300ff4b8c95ebe370d0aa7d2b473d/nvidia_cusparse_cu12-12.5.8.93-py3-none-manylinux2014_x86_64.manylinux_2_17_x86_64.whl.metadata
  Using cached nvidia_cusparse_cu12-12.5.8.93-py3-none-manylinux2014_x86_64.manylinux_2_17_x86_64.whl.metadata (1.8 kB)
Collecting nvidia-cusparselt-cu12==0.7.1 (from torch->mamba_ssm==2.2.6.post3)
  Obtaining dependency information for nvidia-cusparselt-cu12==0.7.1 from https://files.pythonhosted.org/packages/56/79/12978b96bd44274fe38b5dde5cfb660b1d114f70a65ef962bcbbed99b549/nvidia_cusparselt_cu12-0.7.1-py3-none-manylinux2014_x86_64.whl.metadata
  Using cached nvidia_cusparselt_cu12-0.7.1-py3-none-manylinux2014_x86_64.whl.metadata (7.0 kB)
Collecting nvidia-nccl-cu12==2.27.5 (from torch->mamba_ssm==2.2.6.post3)
  Obtaining dependency information for nvidia-nccl-cu12==2.27.5 from https://files.pythonhosted.org/packages/6e/89/f7a07dc961b60645dbbf42e80f2bc85ade7feb9a491b11a1e973aa00071f/nvidia_nccl_cu12-2.27.5-py3-none-manylinux2014_x86_64.manylinux_2_17_x86_64.whl.metadata
  Using cached nvidia_nccl_cu12-2.27.5-py3-none-manylinux2014_x86_64.manylinux_2_17_x86_64.whl.metadata (2.0 kB)
Collecting nvidia-nvshmem-cu12==3.3.20 (from torch->mamba_ssm==2.2.6.post3)
  Obtaining dependency information for nvidia-nvshmem-cu12==3.3.20 from https://files.pythonhosted.org/packages/3b/6c/99acb2f9eb85c29fc6f3a7ac4dccfd992e22666dd08a642b303311326a97/nvidia_nvshmem_cu12-3.3.20-py3-none-manylinux2014_x86_64.manylinux_2_17_x86_64.whl.metadata
  Using cached nvidia_nvshmem_cu12-3.3.20-py3-none-manylinux2014_x86_64.manylinux_2_17_x86_64.whl.metadata (2.1 kB)
Collecting nvidia-nvtx-cu12==12.8.90 (from torch->mamba_ssm==2.2.6.post3)
  Obtaining dependency information for nvidia-nvtx-cu12==12.8.90 from https://files.pythonhosted.org/packages/a2/eb/86626c1bbc2edb86323022371c39aa48df6fd8b0a1647bc274577f72e90b/nvidia_nvtx_cu12-12.8.90-py3-none-manylinux2014_x86_64.manylinux_2_17_x86_64.whl.metadata
  Using cached nvidia_nvtx_cu12-12.8.90-py3-none-manylinux2014_x86_64.manylinux_2_17_x86_64.whl.metadata (1.8 kB)
Collecting nvidia-nvjitlink-cu12==12.8.93 (from torch->mamba_ssm==2.2.6.post3)
  Obtaining dependency information for nvidia-nvjitlink-cu12==12.8.93 from https://files.pythonhosted.org/packages/f6/74/86a07f1d0f42998ca31312f998bd3b9a7eff7f52378f4f270c8679c77fb9/nvidia_nvjitlink_cu12-12.8.93-py3-none-manylinux2010_x86_64.manylinux_2_12_x86_64.whl.metadata
  Using cached nvidia_nvjitlink_cu12-12.8.93-py3-none-manylinux2010_x86_64.manylinux_2_12_x86_64.whl.metadata (1.7 kB)
Collecting nvidia-cufile-cu12==1.13.1.3 (from torch->mamba_ssm==2.2.6.post3)
  Obtaining dependency information for nvidia-cufile-cu12==1.13.1.3 from https://files.pythonhosted.org/packages/bb/fe/1bcba1dfbfb8d01be8d93f07bfc502c93fa23afa6fd5ab3fc7c1df71038a/nvidia_cufile_cu12-1.13.1.3-py3-none-manylinux2014_x86_64.manylinux_2_17_x86_64.whl.metadata
  Using cached nvidia_cufile_cu12-1.13.1.3-py3-none-manylinux2014_x86_64.manylinux_2_17_x86_64.whl.metadata (1.7 kB)
Collecting mpmath<1.4,>=1.1.0 (from sympy>=1.13.3->torch->mamba_ssm==2.2.6.post3)
  Obtaining dependency information for mpmath<1.4,>=1.1.0 from https://files.pythonhosted.org/packages/43/e3/7d92a15f894aa0c9c4b49b8ee9ac9850d6e63b03c9c32c0367a13ae62209/mpmath-1.3.0-py3-none-any.whl.metadata
  Using cached mpmath-1.3.0-py3-none-any.whl.metadata (8.6 kB)
Collecting huggingface-hub<1.0,>=0.34.0 (from transformers->mamba_ssm==2.2.6.post3)
  Obtaining dependency information for huggingface-hub<1.0,>=0.34.0 from https://files.pythonhosted.org/packages/cb/bd/1a875e0d592d447cbc02805fd3fe0f497714d6a2583f59d14fa9ebad96eb/huggingface_hub-0.36.0-py3-none-any.whl.metadata
  Using cached huggingface_hub-0.36.0-py3-none-any.whl.metadata (14 kB)
  Link requires a different Python (3.12.3 not in: '>=3.7,<3.11'): https://files.pythonhosted.org/packages/3a/be/650f9c091ef71cb01d735775d554e068752d3ff63d7943b26316dc401749/numpy-1.21.2.zip (from https://pypi.org/simple/numpy/) (requires-python:>=3.7,<3.11)
  Link requires a different Python (3.12.3 not in: '>=3.7,<3.11'): https://files.pythonhosted.org/packages/5f/d6/ad58ded26556eaeaa8c971e08b6466f17c4ac4d786cd3d800e26ce59cc01/numpy-1.21.3.zip (from https://pypi.org/simple/numpy/) (requires-python:>=3.7,<3.11)
  Link requires a different Python (3.12.3 not in: '>=3.7,<3.11'): https://files.pythonhosted.org/packages/fb/48/b0708ebd7718a8933f0d3937513ef8ef2f4f04529f1f66ca86d873043921/numpy-1.21.4.zip (from https://pypi.org/simple/numpy/) (requires-python:>=3.7,<3.11)
  Link requires a different Python (3.12.3 not in: '>=3.7,<3.11'): https://files.pythonhosted.org/packages/c2/a8/a924a09492bdfee8c2ec3094d0a13f2799800b4fdc9c890738aeeb12c72e/numpy-1.21.5.zip (from https://pypi.org/simple/numpy/) (requires-python:>=3.7,<3.11)
  Link requires a different Python (3.12.3 not in: '>=3.7,<3.11'): https://files.pythonhosted.org/packages/45/b7/de7b8e67f2232c26af57c205aaad29fe17754f793404f59c8a730c7a191a/numpy-1.21.6.zip (from https://pypi.org/simple/numpy/) (requires-python:>=3.7,<3.11)
Collecting numpy>=1.17 (from transformers->mamba_ssm==2.2.6.post3)
  Obtaining dependency information for numpy>=1.17 from https://files.pythonhosted.org/packages/b6/23/2a1b231b8ff672b4c450dac27164a8b2ca7d9b7144f9c02d2396518352eb/numpy-2.3.5-cp312-cp312-manylinux_2_27_x86_64.manylinux_2_28_x86_64.whl.metadata
  Using cached numpy-2.3.5-cp312-cp312-manylinux_2_27_x86_64.manylinux_2_28_x86_64.whl.metadata (62 kB)
Requirement already satisfied: pyyaml>=5.1 in /usr/lib/python3/dist-packages (from transformers->mamba_ssm==2.2.6.post3) (6.0.1)
Collecting regex!=2019.12.17 (from transformers->mamba_ssm==2.2.6.post3)
  Obtaining dependency information for regex!=2019.12.17 from https://files.pythonhosted.org/packages/84/bd/9ce9f629fcb714ffc2c3faf62b6766ecb7a585e1e885eb699bcf130a5209/regex-2025.11.3-cp312-cp312-manylinux2014_x86_64.manylinux_2_17_x86_64.manylinux_2_28_x86_64.whl.metadata
  Using cached regex-2025.11.3-cp312-cp312-manylinux2014_x86_64.manylinux_2_17_x86_64.manylinux_2_28_x86_64.whl.metadata (40 kB)
Requirement already satisfied: requests in /usr/lib/python3/dist-packages (from transformers->mamba_ssm==2.2.6.post3) (2.31.0)
Collecting tokenizers<=0.23.0,>=0.22.0 (from transformers->mamba_ssm==2.2.6.post3)
  Obtaining dependency information for tokenizers<=0.23.0,>=0.22.0 from https://files.pythonhosted.org/packages/d0/c6/dc3a0db5a6766416c32c034286d7c2d406da1f498e4de04ab1b8959edd00/tokenizers-0.22.1-cp39-abi3-manylinux_2_17_x86_64.manylinux2014_x86_64.whl.metadata
  Using cached tokenizers-0.22.1-cp39-abi3-manylinux_2_17_x86_64.manylinux2014_x86_64.whl.metadata (6.8 kB)
Collecting safetensors>=0.4.3 (from transformers->mamba_ssm==2.2.6.post3)
  Obtaining dependency information for safetensors>=0.4.3 from https://files.pythonhosted.org/packages/a0/60/429e9b1cb3fc651937727befe258ea24122d9663e4d5709a48c9cbfceecb/safetensors-0.7.0-cp38-abi3-manylinux_2_17_x86_64.manylinux2014_x86_64.whl.metadata
  Using cached safetensors-0.7.0-cp38-abi3-manylinux_2_17_x86_64.manylinux2014_x86_64.whl.metadata (4.1 kB)
Collecting tqdm>=4.27 (from transformers->mamba_ssm==2.2.6.post3)
  Obtaining dependency information for tqdm>=4.27 from https://files.pythonhosted.org/packages/d0/30/dc54f88dd4a2b5dc8a0279bdd7270e735851848b762aeb1c1184ed1f6b14/tqdm-4.67.1-py3-none-any.whl.metadata
  Using cached tqdm-4.67.1-py3-none-any.whl.metadata (57 kB)
Collecting hf-xet<2.0.0,>=1.1.3 (from huggingface-hub<1.0,>=0.34.0->transformers->mamba_ssm==2.2.6.post3)
  Obtaining dependency information for hf-xet<2.0.0,>=1.1.3 from https://files.pythonhosted.org/packages/9a/92/cf3ab0b652b082e66876d08da57fcc6fa2f0e6c70dfbbafbd470bb73eb47/hf_xet-1.2.0-cp37-abi3-manylinux_2_17_x86_64.manylinux2014_x86_64.whl.metadata
  Using cached hf_xet-1.2.0-cp37-abi3-manylinux_2_17_x86_64.manylinux2014_x86_64.whl.metadata (4.9 kB)
Using cached einops-0.8.1-py3-none-any.whl (64 kB)
Using cached ninja-1.13.0-py3-none-manylinux2014_x86_64.manylinux_2_17_x86_64.whl (180 kB)
Using cached torch-2.9.1-cp312-cp312-manylinux_2_28_x86_64.whl (899.7 MB)
Using cached nvidia_cublas_cu12-12.8.4.1-py3-none-manylinux_2_27_x86_64.whl (594.3 MB)
Using cached nvidia_cuda_cupti_cu12-12.8.90-py3-none-manylinux2014_x86_64.manylinux_2_17_x86_64.whl (10.2 MB)
Using cached nvidia_cuda_nvrtc_cu12-12.8.93-py3-none-manylinux2010_x86_64.manylinux_2_12_x86_64.whl (88.0 MB)
Using cached nvidia_cuda_runtime_cu12-12.8.90-py3-none-manylinux2014_x86_64.manylinux_2_17_x86_64.whl (954 kB)
Using cached nvidia_cudnn_cu12-9.10.2.21-py3-none-manylinux_2_27_x86_64.whl (706.8 MB)
Using cached nvidia_cufft_cu12-11.3.3.83-py3-none-manylinux2014_x86_64.manylinux_2_17_x86_64.whl (193.1 MB)
Using cached nvidia_cufile_cu12-1.13.1.3-py3-none-manylinux2014_x86_64.manylinux_2_17_x86_64.whl (1.2 MB)
Using cached nvidia_curand_cu12-10.3.9.90-py3-none-manylinux_2_27_x86_64.whl (63.6 MB)
Using cached nvidia_cusolver_cu12-11.7.3.90-py3-none-manylinux_2_27_x86_64.whl (267.5 MB)
Using cached nvidia_cusparse_cu12-12.5.8.93-py3-none-manylinux2014_x86_64.manylinux_2_17_x86_64.whl (288.2 MB)
Using cached nvidia_cusparselt_cu12-0.7.1-py3-none-manylinux2014_x86_64.whl (287.2 MB)
Using cached nvidia_nccl_cu12-2.27.5-py3-none-manylinux2014_x86_64.manylinux_2_17_x86_64.whl (322.3 MB)
Using cached nvidia_nvjitlink_cu12-12.8.93-py3-none-manylinux2010_x86_64.manylinux_2_12_x86_64.whl (39.3 MB)
Using cached nvidia_nvshmem_cu12-3.3.20-py3-none-manylinux2014_x86_64.manylinux_2_17_x86_64.whl (124.7 MB)
Using cached nvidia_nvtx_cu12-12.8.90-py3-none-manylinux2014_x86_64.manylinux_2_17_x86_64.whl (89 kB)
Using cached triton-3.5.1-cp312-cp312-manylinux_2_27_x86_64.manylinux_2_28_x86_64.whl (170.5 MB)
Using cached fsspec-2025.10.0-py3-none-any.whl (200 kB)
Using cached networkx-3.6-py3-none-any.whl (2.1 MB)
Using cached sympy-1.14.0-py3-none-any.whl (6.3 MB)
Using cached mpmath-1.3.0-py3-none-any.whl (536 kB)
Using cached filelock-3.20.0-py3-none-any.whl (16 kB)
Using cached transformers-4.57.3-py3-none-any.whl (12.0 MB)
Using cached huggingface_hub-0.36.0-py3-none-any.whl (566 kB)
Using cached hf_xet-1.2.0-cp37-abi3-manylinux_2_17_x86_64.manylinux2014_x86_64.whl (3.3 MB)
Using cached tokenizers-0.22.1-cp39-abi3-manylinux_2_17_x86_64.manylinux2014_x86_64.whl (3.3 MB)
Using cached numpy-2.3.5-cp312-cp312-manylinux_2_27_x86_64.manylinux_2_28_x86_64.whl (16.6 MB)
Using cached regex-2025.11.3-cp312-cp312-manylinux2014_x86_64.manylinux_2_17_x86_64.manylinux_2_28_x86_64.whl (803 kB)
Using cached safetensors-0.7.0-cp38-abi3-manylinux_2_17_x86_64.manylinux2014_x86_64.whl (507 kB)
Using cached tqdm-4.67.1-py3-none-any.whl (78 kB)
Building wheels for collected packages: mamba_ssm
  Building wheel for mamba_ssm (pyproject.toml): started
  Running command Building wheel for mamba_ssm (pyproject.toml)
  /tmp/pip-build-env-j8fj9qom/overlay/local/lib/python3.12/dist-packages/torch/_subclasses/functional_tensor.py:279: UserWarning: Failed to initialize NumPy: No module named 'numpy' (Triggered internally at /pytorch/torch/csrc/utils/tensor_numpy.cpp:84.)
    cpu = _conversion_method_template(device=torch.device("cpu"))
  /tmp/pip-build-env-j8fj9qom/overlay/local/lib/python3.12/dist-packages/setuptools/config/_apply_pyprojecttoml.py:82: SetuptoolsDeprecationWarning: `project.license` as a TOML table is deprecated
  !!

          ********************************************************************************
          Please use a simple string containing a SPDX expression for `project.license`. You can also use `project.license-files`. (Both options available on setuptools>=77.0.0).

          By 2026-Feb-18, you need to update your project and remove deprecated calls
          or your builds will no longer be supported.

          See https://packaging.python.org/en/latest/guides/writing-pyproject-toml/#license for details.
          ********************************************************************************

  !!
    corresp(dist, value, root_dir)
  /tmp/pip-build-env-j8fj9qom/overlay/local/lib/python3.12/dist-packages/setuptools/config/_apply_pyprojecttoml.py:82: SetuptoolsWarning: `install_requires` overwritten in `pyproject.toml` (dependencies)
    corresp(dist, value, root_dir)
  /tmp/pip-build-env-j8fj9qom/overlay/local/lib/python3.12/dist-packages/setuptools/config/_apply_pyprojecttoml.py:61: SetuptoolsDeprecationWarning: License classifiers are deprecated.
  !!

          ********************************************************************************
          Please consider removing the following classifiers in favor of a SPDX license expression:

          License :: OSI Approved :: Apache Software License

          See https://packaging.python.org/en/latest/guides/writing-pyproject-toml/#license for details.
          ********************************************************************************

  !!
    dist._finalize_license_expression()
  /tmp/pip-build-env-j8fj9qom/overlay/local/lib/python3.12/dist-packages/setuptools/dist.py:759: SetuptoolsDeprecationWarning: License classifiers are deprecated.
  !!

          ********************************************************************************
          Please consider removing the following classifiers in favor of a SPDX license expression:

          License :: OSI Approved :: Apache Software License

          See https://packaging.python.org/en/latest/guides/writing-pyproject-toml/#license for details.
          ********************************************************************************

  !!
    self._finalize_license_expression()


  torch.__version__  = 2.9.1+cu128


  running bdist_wheel
  Guessing wheel URL:  https://github.com/state-spaces/mamba/releases/download/v2.2.6.post3/mamba_ssm-2.2.6.post3+cu12torch2.9cxx11abiTRUE-cp312-cp312-linux_x86_64.whl
  Precompiled wheel not found. Building from source...
  running build
  running build_py
  copying mamba_ssm/__init__.py -> build/lib.linux-x86_64-cpython-312/mamba_ssm
  copying mamba_ssm/models/__init__.py -> build/lib.linux-x86_64-cpython-312/mamba_ssm/models
  copying mamba_ssm/models/config_mamba.py -> build/lib.linux-x86_64-cpython-312/mamba_ssm/models
  copying mamba_ssm/models/mixer_seq_simple.py -> build/lib.linux-x86_64-cpython-312/mamba_ssm/models
  copying mamba_ssm/modules/mamba2.py -> build/lib.linux-x86_64-cpython-312/mamba_ssm/modules
  copying mamba_ssm/modules/ssd_minimal.py -> build/lib.linux-x86_64-cpython-312/mamba_ssm/modules
  copying mamba_ssm/modules/mlp.py -> build/lib.linux-x86_64-cpython-312/mamba_ssm/modules
  copying mamba_ssm/modules/mha.py -> build/lib.linux-x86_64-cpython-312/mamba_ssm/modules
  copying mamba_ssm/modules/__init__.py -> build/lib.linux-x86_64-cpython-312/mamba_ssm/modules
  copying mamba_ssm/modules/mamba2_simple.py -> build/lib.linux-x86_64-cpython-312/mamba_ssm/modules
  copying mamba_ssm/modules/mamba_simple.py -> build/lib.linux-x86_64-cpython-312/mamba_ssm/modules
  copying mamba_ssm/modules/block.py -> build/lib.linux-x86_64-cpython-312/mamba_ssm/modules
  copying mamba_ssm/utils/__init__.py -> build/lib.linux-x86_64-cpython-312/mamba_ssm/utils
  copying mamba_ssm/utils/generation.py -> build/lib.linux-x86_64-cpython-312/mamba_ssm/utils
  copying mamba_ssm/utils/hf.py -> build/lib.linux-x86_64-cpython-312/mamba_ssm/utils
  copying mamba_ssm/utils/torch.py -> build/lib.linux-x86_64-cpython-312/mamba_ssm/utils
  copying mamba_ssm/ops/selective_scan_interface.py -> build/lib.linux-x86_64-cpython-312/mamba_ssm/ops
  copying mamba_ssm/ops/__init__.py -> build/lib.linux-x86_64-cpython-312/mamba_ssm/ops
  copying mamba_ssm/distributed/__init__.py -> build/lib.linux-x86_64-cpython-312/mamba_ssm/distributed
  copying mamba_ssm/distributed/tensor_parallel.py -> build/lib.linux-x86_64-cpython-312/mamba_ssm/distributed
  copying mamba_ssm/distributed/distributed_utils.py -> build/lib.linux-x86_64-cpython-312/mamba_ssm/distributed
  copying mamba_ssm/ops/triton/ssd_bmm.py -> build/lib.linux-x86_64-cpython-312/mamba_ssm/ops/triton
  copying mamba_ssm/ops/triton/ssd_combined.py -> build/lib.linux-x86_64-cpython-312/mamba_ssm/ops/triton
  copying mamba_ssm/ops/triton/selective_state_update.py -> build/lib.linux-x86_64-cpython-312/mamba_ssm/ops/triton
  copying mamba_ssm/ops/triton/__init__.py -> build/lib.linux-x86_64-cpython-312/mamba_ssm/ops/triton
  copying mamba_ssm/ops/triton/softplus.py -> build/lib.linux-x86_64-cpython-312/mamba_ssm/ops/triton
  copying mamba_ssm/ops/triton/ssd_chunk_scan.py -> build/lib.linux-x86_64-cpython-312/mamba_ssm/ops/triton
  copying mamba_ssm/ops/triton/layer_norm.py -> build/lib.linux-x86_64-cpython-312/mamba_ssm/ops/triton
  copying mamba_ssm/ops/triton/k_activations.py -> build/lib.linux-x86_64-cpython-312/mamba_ssm/ops/triton
  copying mamba_ssm/ops/triton/layernorm_gated.py -> build/lib.linux-x86_64-cpython-312/mamba_ssm/ops/triton
  copying mamba_ssm/ops/triton/ssd_chunk_state.py -> build/lib.linux-x86_64-cpython-312/mamba_ssm/ops/triton
  copying mamba_ssm/ops/triton/ssd_state_passing.py -> build/lib.linux-x86_64-cpython-312/mamba_ssm/ops/triton
  running egg_info
  writing mamba_ssm.egg-info/PKG-INFO
  writing dependency_links to mamba_ssm.egg-info/dependency_links.txt
  writing requirements to mamba_ssm.egg-info/requires.txt
  writing top-level names to mamba_ssm.egg-info/top_level.txt
  reading manifest file 'mamba_ssm.egg-info/SOURCES.txt'
  reading manifest template 'MANIFEST.in'
  warning: manifest_maker: MANIFEST.in, line 3: unknown action 'README.md'

  adding license file 'LICENSE'
  adding license file 'AUTHORS'
  writing manifest file 'mamba_ssm.egg-info/SOURCES.txt'
  running build_ext
  W1128 19:51:21.859000 160575 torch/utils/cpp_extension.py:521] The detected CUDA version (12.9) has a minor version mismatch with the version that was used to compile PyTorch (12.8). Most likely this shouldn't be a problem.
  W1128 19:51:21.860000 160575 torch/utils/cpp_extension.py:531] There are no x86_64-linux-gnu-g++ version bounds defined for CUDA version 12.9
  building 'selective_scan_cuda' extension
  [1/10] /usr/local/cuda/bin/nvcc --generate-dependencies-with-compile --dependency-output /home/torpedo/Workspace/FL4mamba/packages/mamba_ssm/build/temp.linux-x86_64-cpython-312/csrc/selective_scan/selective_scan_fwd_fp32.o.d -I/home/torpedo/Workspace/FL4mamba/packages/mamba_ssm/csrc/selective_scan -I/tmp/pip-build-env-j8fj9qom/overlay/local/lib/python3.12/dist-packages/torch/include -I/tmp/pip-build-env-j8fj9qom/overlay/local/lib/python3.12/dist-packages/torch/include/torch/csrc/api/include -I/usr/local/cuda/include -I/usr/include/python3.12 -c -c /home/torpedo/Workspace/FL4mamba/packages/mamba_ssm/csrc/selective_scan/selective_scan_fwd_fp32.cu -o /home/torpedo/Workspace/FL4mamba/packages/mamba_ssm/build/temp.linux-x86_64-cpython-312/csrc/selective_scan/selective_scan_fwd_fp32.o -D__CUDA_NO_HALF_OPERATORS__ -D__CUDA_NO_HALF_CONVERSIONS__ -D__CUDA_NO_BFLOAT16_CONVERSIONS__ -D__CUDA_NO_HALF2_OPERATORS__ --expt-relaxed-constexpr --compiler-options ''"'"'-fPIC'"'"'' -O3 -std=c++17 -U__CUDA_NO_HALF_OPERATORS__ -U__CUDA_NO_HALF_CONVERSIONS__ -U__CUDA_NO_BFLOAT16_OPERATORS__ -U__CUDA_NO_BFLOAT16_CONVERSIONS__ -U__CUDA_NO_BFLOAT162_OPERATORS__ -U__CUDA_NO_BFLOAT162_CONVERSIONS__ --expt-relaxed-constexpr --expt-extended-lambda --use_fast_math --ptxas-options=-v -lineinfo -gencode arch=compute_53,code=sm_53 -gencode arch=compute_62,code=sm_62 -gencode arch=compute_70,code=sm_70 -gencode arch=compute_72,code=sm_72 -gencode arch=compute_75,code=sm_75 -gencode arch=compute_80,code=sm_80 -gencode arch=compute_87,code=sm_87 -gencode arch=compute_90,code=sm_90 -gencode arch=compute_100,code=sm_100 -gencode arch=compute_120,code=sm_120 --threads 4 -DTORCH_API_INCLUDE_EXTENSION_H -DTORCH_EXTENSION_NAME=selective_scan_cuda
  FAILED: [code=255] /home/torpedo/Workspace/FL4mamba/packages/mamba_ssm/build/temp.linux-x86_64-cpython-312/csrc/selective_scan/selective_scan_fwd_fp32.o
  /usr/local/cuda/bin/nvcc --generate-dependencies-with-compile --dependency-output /home/torpedo/Workspace/FL4mamba/packages/mamba_ssm/build/temp.linux-x86_64-cpython-312/csrc/selective_scan/selective_scan_fwd_fp32.o.d -I/home/torpedo/Workspace/FL4mamba/packages/mamba_ssm/csrc/selective_scan -I/tmp/pip-build-env-j8fj9qom/overlay/local/lib/python3.12/dist-packages/torch/include -I/tmp/pip-build-env-j8fj9qom/overlay/local/lib/python3.12/dist-packages/torch/include/torch/csrc/api/include -I/usr/local/cuda/include -I/usr/include/python3.12 -c -c /home/torpedo/Workspace/FL4mamba/packages/mamba_ssm/csrc/selective_scan/selective_scan_fwd_fp32.cu -o /home/torpedo/Workspace/FL4mamba/packages/mamba_ssm/build/temp.linux-x86_64-cpython-312/csrc/selective_scan/selective_scan_fwd_fp32.o -D__CUDA_NO_HALF_OPERATORS__ -D__CUDA_NO_HALF_CONVERSIONS__ -D__CUDA_NO_BFLOAT16_CONVERSIONS__ -D__CUDA_NO_HALF2_OPERATORS__ --expt-relaxed-constexpr --compiler-options ''"'"'-fPIC'"'"'' -O3 -std=c++17 -U__CUDA_NO_HALF_OPERATORS__ -U__CUDA_NO_HALF_CONVERSIONS__ -U__CUDA_NO_BFLOAT16_OPERATORS__ -U__CUDA_NO_BFLOAT16_CONVERSIONS__ -U__CUDA_NO_BFLOAT162_OPERATORS__ -U__CUDA_NO_BFLOAT162_CONVERSIONS__ --expt-relaxed-constexpr --expt-extended-lambda --use_fast_math --ptxas-options=-v -lineinfo -gencode arch=compute_53,code=sm_53 -gencode arch=compute_62,code=sm_62 -gencode arch=compute_70,code=sm_70 -gencode arch=compute_72,code=sm_72 -gencode arch=compute_75,code=sm_75 -gencode arch=compute_80,code=sm_80 -gencode arch=compute_87,code=sm_87 -gencode arch=compute_90,code=sm_90 -gencode arch=compute_100,code=sm_100 -gencode arch=compute_120,code=sm_120 --threads 4 -DTORCH_API_INCLUDE_EXTENSION_H -DTORCH_EXTENSION_NAME=selective_scan_cuda
  nvcc warning : Support for offline compilation for architectures prior to '<compute/sm/lto>_75' will be removed in a future release (Use -Wno-deprecated-gpu-targets to suppress warning).
  /home/torpedo/Workspace/FL4mamba/packages/mamba_ssm/csrc/selective_scan/selective_scan.h(101): error: "ddelta_ptr" has already been declared in the current scope
        void *__restrict__ ddelta_ptr;
                           ^

  /home/torpedo/Workspace/FL4mamba/packages/mamba_ssm/csrc/selective_scan/selective_scan_fwd_kernel.cuh(281): error: identifier "i" is undefined
                        int global_seq_idx = chunk * kChunkSize + i;
                                                                  ^

  2 errors detected in the compilation of "/home/torpedo/Workspace/FL4mamba/packages/mamba_ssm/csrc/selective_scan/selective_scan_fwd_fp32.cu".
  [2/10] /usr/local/cuda/bin/nvcc --generate-dependencies-with-compile --dependency-output /home/torpedo/Workspace/FL4mamba/packages/mamba_ssm/build/temp.linux-x86_64-cpython-312/csrc/selective_scan/selective_scan_fwd_bf16.o.d -I/home/torpedo/Workspace/FL4mamba/packages/mamba_ssm/csrc/selective_scan -I/tmp/pip-build-env-j8fj9qom/overlay/local/lib/python3.12/dist-packages/torch/include -I/tmp/pip-build-env-j8fj9qom/overlay/local/lib/python3.12/dist-packages/torch/include/torch/csrc/api/include -I/usr/local/cuda/include -I/usr/include/python3.12 -c -c /home/torpedo/Workspace/FL4mamba/packages/mamba_ssm/csrc/selective_scan/selective_scan_fwd_bf16.cu -o /home/torpedo/Workspace/FL4mamba/packages/mamba_ssm/build/temp.linux-x86_64-cpython-312/csrc/selective_scan/selective_scan_fwd_bf16.o -D__CUDA_NO_HALF_OPERATORS__ -D__CUDA_NO_HALF_CONVERSIONS__ -D__CUDA_NO_BFLOAT16_CONVERSIONS__ -D__CUDA_NO_HALF2_OPERATORS__ --expt-relaxed-constexpr --compiler-options ''"'"'-fPIC'"'"'' -O3 -std=c++17 -U__CUDA_NO_HALF_OPERATORS__ -U__CUDA_NO_HALF_CONVERSIONS__ -U__CUDA_NO_BFLOAT16_OPERATORS__ -U__CUDA_NO_BFLOAT16_CONVERSIONS__ -U__CUDA_NO_BFLOAT162_OPERATORS__ -U__CUDA_NO_BFLOAT162_CONVERSIONS__ --expt-relaxed-constexpr --expt-extended-lambda --use_fast_math --ptxas-options=-v -lineinfo -gencode arch=compute_53,code=sm_53 -gencode arch=compute_62,code=sm_62 -gencode arch=compute_70,code=sm_70 -gencode arch=compute_72,code=sm_72 -gencode arch=compute_75,code=sm_75 -gencode arch=compute_80,code=sm_80 -gencode arch=compute_87,code=sm_87 -gencode arch=compute_90,code=sm_90 -gencode arch=compute_100,code=sm_100 -gencode arch=compute_120,code=sm_120 --threads 4 -DTORCH_API_INCLUDE_EXTENSION_H -DTORCH_EXTENSION_NAME=selective_scan_cuda
  FAILED: [code=255] /home/torpedo/Workspace/FL4mamba/packages/mamba_ssm/build/temp.linux-x86_64-cpython-312/csrc/selective_scan/selective_scan_fwd_bf16.o
  /usr/local/cuda/bin/nvcc --generate-dependencies-with-compile --dependency-output /home/torpedo/Workspace/FL4mamba/packages/mamba_ssm/build/temp.linux-x86_64-cpython-312/csrc/selective_scan/selective_scan_fwd_bf16.o.d -I/home/torpedo/Workspace/FL4mamba/packages/mamba_ssm/csrc/selective_scan -I/tmp/pip-build-env-j8fj9qom/overlay/local/lib/python3.12/dist-packages/torch/include -I/tmp/pip-build-env-j8fj9qom/overlay/local/lib/python3.12/dist-packages/torch/include/torch/csrc/api/include -I/usr/local/cuda/include -I/usr/include/python3.12 -c -c /home/torpedo/Workspace/FL4mamba/packages/mamba_ssm/csrc/selective_scan/selective_scan_fwd_bf16.cu -o /home/torpedo/Workspace/FL4mamba/packages/mamba_ssm/build/temp.linux-x86_64-cpython-312/csrc/selective_scan/selective_scan_fwd_bf16.o -D__CUDA_NO_HALF_OPERATORS__ -D__CUDA_NO_HALF_CONVERSIONS__ -D__CUDA_NO_BFLOAT16_CONVERSIONS__ -D__CUDA_NO_HALF2_OPERATORS__ --expt-relaxed-constexpr --compiler-options ''"'"'-fPIC'"'"'' -O3 -std=c++17 -U__CUDA_NO_HALF_OPERATORS__ -U__CUDA_NO_HALF_CONVERSIONS__ -U__CUDA_NO_BFLOAT16_OPERATORS__ -U__CUDA_NO_BFLOAT16_CONVERSIONS__ -U__CUDA_NO_BFLOAT162_OPERATORS__ -U__CUDA_NO_BFLOAT162_CONVERSIONS__ --expt-relaxed-constexpr --expt-extended-lambda --use_fast_math --ptxas-options=-v -lineinfo -gencode arch=compute_53,code=sm_53 -gencode arch=compute_62,code=sm_62 -gencode arch=compute_70,code=sm_70 -gencode arch=compute_72,code=sm_72 -gencode arch=compute_75,code=sm_75 -gencode arch=compute_80,code=sm_80 -gencode arch=compute_87,code=sm_87 -gencode arch=compute_90,code=sm_90 -gencode arch=compute_100,code=sm_100 -gencode arch=compute_120,code=sm_120 --threads 4 -DTORCH_API_INCLUDE_EXTENSION_H -DTORCH_EXTENSION_NAME=selective_scan_cuda
  nvcc warning : Support for offline compilation for architectures prior to '<compute/sm/lto>_75' will be removed in a future release (Use -Wno-deprecated-gpu-targets to suppress warning).
  /home/torpedo/Workspace/FL4mamba/packages/mamba_ssm/csrc/selective_scan/selective_scan.h(101): error: "ddelta_ptr" has already been declared in the current scope
        void *__restrict__ ddelta_ptr;
                           ^

  /home/torpedo/Workspace/FL4mamba/packages/mamba_ssm/csrc/selective_scan/selective_scan_fwd_kernel.cuh(281): error: identifier "i" is undefined
                        int global_seq_idx = chunk * kChunkSize + i;
                                                                  ^

  2 errors detected in the compilation of "/home/torpedo/Workspace/FL4mamba/packages/mamba_ssm/csrc/selective_scan/selective_scan_fwd_bf16.cu".
  [3/10] /usr/local/cuda/bin/nvcc --generate-dependencies-with-compile --dependency-output /home/torpedo/Workspace/FL4mamba/packages/mamba_ssm/build/temp.linux-x86_64-cpython-312/csrc/selective_scan/selective_scan_bwd_fp16_complex.o.d -I/home/torpedo/Workspace/FL4mamba/packages/mamba_ssm/csrc/selective_scan -I/tmp/pip-build-env-j8fj9qom/overlay/local/lib/python3.12/dist-packages/torch/include -I/tmp/pip-build-env-j8fj9qom/overlay/local/lib/python3.12/dist-packages/torch/include/torch/csrc/api/include -I/usr/local/cuda/include -I/usr/include/python3.12 -c -c /home/torpedo/Workspace/FL4mamba/packages/mamba_ssm/csrc/selective_scan/selective_scan_bwd_fp16_complex.cu -o /home/torpedo/Workspace/FL4mamba/packages/mamba_ssm/build/temp.linux-x86_64-cpython-312/csrc/selective_scan/selective_scan_bwd_fp16_complex.o -D__CUDA_NO_HALF_OPERATORS__ -D__CUDA_NO_HALF_CONVERSIONS__ -D__CUDA_NO_BFLOAT16_CONVERSIONS__ -D__CUDA_NO_HALF2_OPERATORS__ --expt-relaxed-constexpr --compiler-options ''"'"'-fPIC'"'"'' -O3 -std=c++17 -U__CUDA_NO_HALF_OPERATORS__ -U__CUDA_NO_HALF_CONVERSIONS__ -U__CUDA_NO_BFLOAT16_OPERATORS__ -U__CUDA_NO_BFLOAT16_CONVERSIONS__ -U__CUDA_NO_BFLOAT162_OPERATORS__ -U__CUDA_NO_BFLOAT162_CONVERSIONS__ --expt-relaxed-constexpr --expt-extended-lambda --use_fast_math --ptxas-options=-v -lineinfo -gencode arch=compute_53,code=sm_53 -gencode arch=compute_62,code=sm_62 -gencode arch=compute_70,code=sm_70 -gencode arch=compute_72,code=sm_72 -gencode arch=compute_75,code=sm_75 -gencode arch=compute_80,code=sm_80 -gencode arch=compute_87,code=sm_87 -gencode arch=compute_90,code=sm_90 -gencode arch=compute_100,code=sm_100 -gencode arch=compute_120,code=sm_120 --threads 4 -DTORCH_API_INCLUDE_EXTENSION_H -DTORCH_EXTENSION_NAME=selective_scan_cuda
  FAILED: [code=255] /home/torpedo/Workspace/FL4mamba/packages/mamba_ssm/build/temp.linux-x86_64-cpython-312/csrc/selective_scan/selective_scan_bwd_fp16_complex.o
  /usr/local/cuda/bin/nvcc --generate-dependencies-with-compile --dependency-output /home/torpedo/Workspace/FL4mamba/packages/mamba_ssm/build/temp.linux-x86_64-cpython-312/csrc/selective_scan/selective_scan_bwd_fp16_complex.o.d -I/home/torpedo/Workspace/FL4mamba/packages/mamba_ssm/csrc/selective_scan -I/tmp/pip-build-env-j8fj9qom/overlay/local/lib/python3.12/dist-packages/torch/include -I/tmp/pip-build-env-j8fj9qom/overlay/local/lib/python3.12/dist-packages/torch/include/torch/csrc/api/include -I/usr/local/cuda/include -I/usr/include/python3.12 -c -c /home/torpedo/Workspace/FL4mamba/packages/mamba_ssm/csrc/selective_scan/selective_scan_bwd_fp16_complex.cu -o /home/torpedo/Workspace/FL4mamba/packages/mamba_ssm/build/temp.linux-x86_64-cpython-312/csrc/selective_scan/selective_scan_bwd_fp16_complex.o -D__CUDA_NO_HALF_OPERATORS__ -D__CUDA_NO_HALF_CONVERSIONS__ -D__CUDA_NO_BFLOAT16_CONVERSIONS__ -D__CUDA_NO_HALF2_OPERATORS__ --expt-relaxed-constexpr --compiler-options ''"'"'-fPIC'"'"'' -O3 -std=c++17 -U__CUDA_NO_HALF_OPERATORS__ -U__CUDA_NO_HALF_CONVERSIONS__ -U__CUDA_NO_BFLOAT16_OPERATORS__ -U__CUDA_NO_BFLOAT16_CONVERSIONS__ -U__CUDA_NO_BFLOAT162_OPERATORS__ -U__CUDA_NO_BFLOAT162_CONVERSIONS__ --expt-relaxed-constexpr --expt-extended-lambda --use_fast_math --ptxas-options=-v -lineinfo -gencode arch=compute_53,code=sm_53 -gencode arch=compute_62,code=sm_62 -gencode arch=compute_70,code=sm_70 -gencode arch=compute_72,code=sm_72 -gencode arch=compute_75,code=sm_75 -gencode arch=compute_80,code=sm_80 -gencode arch=compute_87,code=sm_87 -gencode arch=compute_90,code=sm_90 -gencode arch=compute_100,code=sm_100 -gencode arch=compute_120,code=sm_120 --threads 4 -DTORCH_API_INCLUDE_EXTENSION_H -DTORCH_EXTENSION_NAME=selective_scan_cuda
  nvcc warning : Support for offline compilation for architectures prior to '<compute/sm/lto>_75' will be removed in a future release (Use -Wno-deprecated-gpu-targets to suppress warning).
  /home/torpedo/Workspace/FL4mamba/packages/mamba_ssm/csrc/selective_scan/selective_scan.h(101): error: "ddelta_ptr" has already been declared in the current scope
        void *__restrict__ ddelta_ptr;
                           ^

  1 error detected in the compilation of "/home/torpedo/Workspace/FL4mamba/packages/mamba_ssm/csrc/selective_scan/selective_scan_bwd_fp16_complex.cu".
  [4/10] /usr/local/cuda/bin/nvcc --generate-dependencies-with-compile --dependency-output /home/torpedo/Workspace/FL4mamba/packages/mamba_ssm/build/temp.linux-x86_64-cpython-312/csrc/selective_scan/selective_scan_bwd_bf16_real.o.d -I/home/torpedo/Workspace/FL4mamba/packages/mamba_ssm/csrc/selective_scan -I/tmp/pip-build-env-j8fj9qom/overlay/local/lib/python3.12/dist-packages/torch/include -I/tmp/pip-build-env-j8fj9qom/overlay/local/lib/python3.12/dist-packages/torch/include/torch/csrc/api/include -I/usr/local/cuda/include -I/usr/include/python3.12 -c -c /home/torpedo/Workspace/FL4mamba/packages/mamba_ssm/csrc/selective_scan/selective_scan_bwd_bf16_real.cu -o /home/torpedo/Workspace/FL4mamba/packages/mamba_ssm/build/temp.linux-x86_64-cpython-312/csrc/selective_scan/selective_scan_bwd_bf16_real.o -D__CUDA_NO_HALF_OPERATORS__ -D__CUDA_NO_HALF_CONVERSIONS__ -D__CUDA_NO_BFLOAT16_CONVERSIONS__ -D__CUDA_NO_HALF2_OPERATORS__ --expt-relaxed-constexpr --compiler-options ''"'"'-fPIC'"'"'' -O3 -std=c++17 -U__CUDA_NO_HALF_OPERATORS__ -U__CUDA_NO_HALF_CONVERSIONS__ -U__CUDA_NO_BFLOAT16_OPERATORS__ -U__CUDA_NO_BFLOAT16_CONVERSIONS__ -U__CUDA_NO_BFLOAT162_OPERATORS__ -U__CUDA_NO_BFLOAT162_CONVERSIONS__ --expt-relaxed-constexpr --expt-extended-lambda --use_fast_math --ptxas-options=-v -lineinfo -gencode arch=compute_53,code=sm_53 -gencode arch=compute_62,code=sm_62 -gencode arch=compute_70,code=sm_70 -gencode arch=compute_72,code=sm_72 -gencode arch=compute_75,code=sm_75 -gencode arch=compute_80,code=sm_80 -gencode arch=compute_87,code=sm_87 -gencode arch=compute_90,code=sm_90 -gencode arch=compute_100,code=sm_100 -gencode arch=compute_120,code=sm_120 --threads 4 -DTORCH_API_INCLUDE_EXTENSION_H -DTORCH_EXTENSION_NAME=selective_scan_cuda
  FAILED: [code=255] /home/torpedo/Workspace/FL4mamba/packages/mamba_ssm/build/temp.linux-x86_64-cpython-312/csrc/selective_scan/selective_scan_bwd_bf16_real.o
  /usr/local/cuda/bin/nvcc --generate-dependencies-with-compile --dependency-output /home/torpedo/Workspace/FL4mamba/packages/mamba_ssm/build/temp.linux-x86_64-cpython-312/csrc/selective_scan/selective_scan_bwd_bf16_real.o.d -I/home/torpedo/Workspace/FL4mamba/packages/mamba_ssm/csrc/selective_scan -I/tmp/pip-build-env-j8fj9qom/overlay/local/lib/python3.12/dist-packages/torch/include -I/tmp/pip-build-env-j8fj9qom/overlay/local/lib/python3.12/dist-packages/torch/include/torch/csrc/api/include -I/usr/local/cuda/include -I/usr/include/python3.12 -c -c /home/torpedo/Workspace/FL4mamba/packages/mamba_ssm/csrc/selective_scan/selective_scan_bwd_bf16_real.cu -o /home/torpedo/Workspace/FL4mamba/packages/mamba_ssm/build/temp.linux-x86_64-cpython-312/csrc/selective_scan/selective_scan_bwd_bf16_real.o -D__CUDA_NO_HALF_OPERATORS__ -D__CUDA_NO_HALF_CONVERSIONS__ -D__CUDA_NO_BFLOAT16_CONVERSIONS__ -D__CUDA_NO_HALF2_OPERATORS__ --expt-relaxed-constexpr --compiler-options ''"'"'-fPIC'"'"'' -O3 -std=c++17 -U__CUDA_NO_HALF_OPERATORS__ -U__CUDA_NO_HALF_CONVERSIONS__ -U__CUDA_NO_BFLOAT16_OPERATORS__ -U__CUDA_NO_BFLOAT16_CONVERSIONS__ -U__CUDA_NO_BFLOAT162_OPERATORS__ -U__CUDA_NO_BFLOAT162_CONVERSIONS__ --expt-relaxed-constexpr --expt-extended-lambda --use_fast_math --ptxas-options=-v -lineinfo -gencode arch=compute_53,code=sm_53 -gencode arch=compute_62,code=sm_62 -gencode arch=compute_70,code=sm_70 -gencode arch=compute_72,code=sm_72 -gencode arch=compute_75,code=sm_75 -gencode arch=compute_80,code=sm_80 -gencode arch=compute_87,code=sm_87 -gencode arch=compute_90,code=sm_90 -gencode arch=compute_100,code=sm_100 -gencode arch=compute_120,code=sm_120 --threads 4 -DTORCH_API_INCLUDE_EXTENSION_H -DTORCH_EXTENSION_NAME=selective_scan_cuda
  nvcc warning : Support for offline compilation for architectures prior to '<compute/sm/lto>_75' will be removed in a future release (Use -Wno-deprecated-gpu-targets to suppress warning).
  /home/torpedo/Workspace/FL4mamba/packages/mamba_ssm/csrc/selective_scan/selective_scan.h(101): error: "ddelta_ptr" has already been declared in the current scope
        void *__restrict__ ddelta_ptr;
                           ^

  1 error detected in the compilation of "/home/torpedo/Workspace/FL4mamba/packages/mamba_ssm/csrc/selective_scan/selective_scan_bwd_bf16_real.cu".
  [5/10] /usr/local/cuda/bin/nvcc --generate-dependencies-with-compile --dependency-output /home/torpedo/Workspace/FL4mamba/packages/mamba_ssm/build/temp.linux-x86_64-cpython-312/csrc/selective_scan/selective_scan_bwd_fp16_real.o.d -I/home/torpedo/Workspace/FL4mamba/packages/mamba_ssm/csrc/selective_scan -I/tmp/pip-build-env-j8fj9qom/overlay/local/lib/python3.12/dist-packages/torch/include -I/tmp/pip-build-env-j8fj9qom/overlay/local/lib/python3.12/dist-packages/torch/include/torch/csrc/api/include -I/usr/local/cuda/include -I/usr/include/python3.12 -c -c /home/torpedo/Workspace/FL4mamba/packages/mamba_ssm/csrc/selective_scan/selective_scan_bwd_fp16_real.cu -o /home/torpedo/Workspace/FL4mamba/packages/mamba_ssm/build/temp.linux-x86_64-cpython-312/csrc/selective_scan/selective_scan_bwd_fp16_real.o -D__CUDA_NO_HALF_OPERATORS__ -D__CUDA_NO_HALF_CONVERSIONS__ -D__CUDA_NO_BFLOAT16_CONVERSIONS__ -D__CUDA_NO_HALF2_OPERATORS__ --expt-relaxed-constexpr --compiler-options ''"'"'-fPIC'"'"'' -O3 -std=c++17 -U__CUDA_NO_HALF_OPERATORS__ -U__CUDA_NO_HALF_CONVERSIONS__ -U__CUDA_NO_BFLOAT16_OPERATORS__ -U__CUDA_NO_BFLOAT16_CONVERSIONS__ -U__CUDA_NO_BFLOAT162_OPERATORS__ -U__CUDA_NO_BFLOAT162_CONVERSIONS__ --expt-relaxed-constexpr --expt-extended-lambda --use_fast_math --ptxas-options=-v -lineinfo -gencode arch=compute_53,code=sm_53 -gencode arch=compute_62,code=sm_62 -gencode arch=compute_70,code=sm_70 -gencode arch=compute_72,code=sm_72 -gencode arch=compute_75,code=sm_75 -gencode arch=compute_80,code=sm_80 -gencode arch=compute_87,code=sm_87 -gencode arch=compute_90,code=sm_90 -gencode arch=compute_100,code=sm_100 -gencode arch=compute_120,code=sm_120 --threads 4 -DTORCH_API_INCLUDE_EXTENSION_H -DTORCH_EXTENSION_NAME=selective_scan_cuda
  FAILED: [code=255] /home/torpedo/Workspace/FL4mamba/packages/mamba_ssm/build/temp.linux-x86_64-cpython-312/csrc/selective_scan/selective_scan_bwd_fp16_real.o
  /usr/local/cuda/bin/nvcc --generate-dependencies-with-compile --dependency-output /home/torpedo/Workspace/FL4mamba/packages/mamba_ssm/build/temp.linux-x86_64-cpython-312/csrc/selective_scan/selective_scan_bwd_fp16_real.o.d -I/home/torpedo/Workspace/FL4mamba/packages/mamba_ssm/csrc/selective_scan -I/tmp/pip-build-env-j8fj9qom/overlay/local/lib/python3.12/dist-packages/torch/include -I/tmp/pip-build-env-j8fj9qom/overlay/local/lib/python3.12/dist-packages/torch/include/torch/csrc/api/include -I/usr/local/cuda/include -I/usr/include/python3.12 -c -c /home/torpedo/Workspace/FL4mamba/packages/mamba_ssm/csrc/selective_scan/selective_scan_bwd_fp16_real.cu -o /home/torpedo/Workspace/FL4mamba/packages/mamba_ssm/build/temp.linux-x86_64-cpython-312/csrc/selective_scan/selective_scan_bwd_fp16_real.o -D__CUDA_NO_HALF_OPERATORS__ -D__CUDA_NO_HALF_CONVERSIONS__ -D__CUDA_NO_BFLOAT16_CONVERSIONS__ -D__CUDA_NO_HALF2_OPERATORS__ --expt-relaxed-constexpr --compiler-options ''"'"'-fPIC'"'"'' -O3 -std=c++17 -U__CUDA_NO_HALF_OPERATORS__ -U__CUDA_NO_HALF_CONVERSIONS__ -U__CUDA_NO_BFLOAT16_OPERATORS__ -U__CUDA_NO_BFLOAT16_CONVERSIONS__ -U__CUDA_NO_BFLOAT162_OPERATORS__ -U__CUDA_NO_BFLOAT162_CONVERSIONS__ --expt-relaxed-constexpr --expt-extended-lambda --use_fast_math --ptxas-options=-v -lineinfo -gencode arch=compute_53,code=sm_53 -gencode arch=compute_62,code=sm_62 -gencode arch=compute_70,code=sm_70 -gencode arch=compute_72,code=sm_72 -gencode arch=compute_75,code=sm_75 -gencode arch=compute_80,code=sm_80 -gencode arch=compute_87,code=sm_87 -gencode arch=compute_90,code=sm_90 -gencode arch=compute_100,code=sm_100 -gencode arch=compute_120,code=sm_120 --threads 4 -DTORCH_API_INCLUDE_EXTENSION_H -DTORCH_EXTENSION_NAME=selective_scan_cuda
  nvcc warning : Support for offline compilation for architectures prior to '<compute/sm/lto>_75' will be removed in a future release (Use -Wno-deprecated-gpu-targets to suppress warning).
  /home/torpedo/Workspace/FL4mamba/packages/mamba_ssm/csrc/selective_scan/selective_scan.h(101): error: "ddelta_ptr" has already been declared in the current scope
        void *__restrict__ ddelta_ptr;
                           ^

  1 error detected in the compilation of "/home/torpedo/Workspace/FL4mamba/packages/mamba_ssm/csrc/selective_scan/selective_scan_bwd_fp16_real.cu".
  [6/10] /usr/local/cuda/bin/nvcc --generate-dependencies-with-compile --dependency-output /home/torpedo/Workspace/FL4mamba/packages/mamba_ssm/build/temp.linux-x86_64-cpython-312/csrc/selective_scan/selective_scan_fwd_fp16.o.d -I/home/torpedo/Workspace/FL4mamba/packages/mamba_ssm/csrc/selective_scan -I/tmp/pip-build-env-j8fj9qom/overlay/local/lib/python3.12/dist-packages/torch/include -I/tmp/pip-build-env-j8fj9qom/overlay/local/lib/python3.12/dist-packages/torch/include/torch/csrc/api/include -I/usr/local/cuda/include -I/usr/include/python3.12 -c -c /home/torpedo/Workspace/FL4mamba/packages/mamba_ssm/csrc/selective_scan/selective_scan_fwd_fp16.cu -o /home/torpedo/Workspace/FL4mamba/packages/mamba_ssm/build/temp.linux-x86_64-cpython-312/csrc/selective_scan/selective_scan_fwd_fp16.o -D__CUDA_NO_HALF_OPERATORS__ -D__CUDA_NO_HALF_CONVERSIONS__ -D__CUDA_NO_BFLOAT16_CONVERSIONS__ -D__CUDA_NO_HALF2_OPERATORS__ --expt-relaxed-constexpr --compiler-options ''"'"'-fPIC'"'"'' -O3 -std=c++17 -U__CUDA_NO_HALF_OPERATORS__ -U__CUDA_NO_HALF_CONVERSIONS__ -U__CUDA_NO_BFLOAT16_OPERATORS__ -U__CUDA_NO_BFLOAT16_CONVERSIONS__ -U__CUDA_NO_BFLOAT162_OPERATORS__ -U__CUDA_NO_BFLOAT162_CONVERSIONS__ --expt-relaxed-constexpr --expt-extended-lambda --use_fast_math --ptxas-options=-v -lineinfo -gencode arch=compute_53,code=sm_53 -gencode arch=compute_62,code=sm_62 -gencode arch=compute_70,code=sm_70 -gencode arch=compute_72,code=sm_72 -gencode arch=compute_75,code=sm_75 -gencode arch=compute_80,code=sm_80 -gencode arch=compute_87,code=sm_87 -gencode arch=compute_90,code=sm_90 -gencode arch=compute_100,code=sm_100 -gencode arch=compute_120,code=sm_120 --threads 4 -DTORCH_API_INCLUDE_EXTENSION_H -DTORCH_EXTENSION_NAME=selective_scan_cuda
  FAILED: [code=255] /home/torpedo/Workspace/FL4mamba/packages/mamba_ssm/build/temp.linux-x86_64-cpython-312/csrc/selective_scan/selective_scan_fwd_fp16.o
  /usr/local/cuda/bin/nvcc --generate-dependencies-with-compile --dependency-output /home/torpedo/Workspace/FL4mamba/packages/mamba_ssm/build/temp.linux-x86_64-cpython-312/csrc/selective_scan/selective_scan_fwd_fp16.o.d -I/home/torpedo/Workspace/FL4mamba/packages/mamba_ssm/csrc/selective_scan -I/tmp/pip-build-env-j8fj9qom/overlay/local/lib/python3.12/dist-packages/torch/include -I/tmp/pip-build-env-j8fj9qom/overlay/local/lib/python3.12/dist-packages/torch/include/torch/csrc/api/include -I/usr/local/cuda/include -I/usr/include/python3.12 -c -c /home/torpedo/Workspace/FL4mamba/packages/mamba_ssm/csrc/selective_scan/selective_scan_fwd_fp16.cu -o /home/torpedo/Workspace/FL4mamba/packages/mamba_ssm/build/temp.linux-x86_64-cpython-312/csrc/selective_scan/selective_scan_fwd_fp16.o -D__CUDA_NO_HALF_OPERATORS__ -D__CUDA_NO_HALF_CONVERSIONS__ -D__CUDA_NO_BFLOAT16_CONVERSIONS__ -D__CUDA_NO_HALF2_OPERATORS__ --expt-relaxed-constexpr --compiler-options ''"'"'-fPIC'"'"'' -O3 -std=c++17 -U__CUDA_NO_HALF_OPERATORS__ -U__CUDA_NO_HALF_CONVERSIONS__ -U__CUDA_NO_BFLOAT16_OPERATORS__ -U__CUDA_NO_BFLOAT16_CONVERSIONS__ -U__CUDA_NO_BFLOAT162_OPERATORS__ -U__CUDA_NO_BFLOAT162_CONVERSIONS__ --expt-relaxed-constexpr --expt-extended-lambda --use_fast_math --ptxas-options=-v -lineinfo -gencode arch=compute_53,code=sm_53 -gencode arch=compute_62,code=sm_62 -gencode arch=compute_70,code=sm_70 -gencode arch=compute_72,code=sm_72 -gencode arch=compute_75,code=sm_75 -gencode arch=compute_80,code=sm_80 -gencode arch=compute_87,code=sm_87 -gencode arch=compute_90,code=sm_90 -gencode arch=compute_100,code=sm_100 -gencode arch=compute_120,code=sm_120 --threads 4 -DTORCH_API_INCLUDE_EXTENSION_H -DTORCH_EXTENSION_NAME=selective_scan_cuda
  nvcc warning : Support for offline compilation for architectures prior to '<compute/sm/lto>_75' will be removed in a future release (Use -Wno-deprecated-gpu-targets to suppress warning).
  /home/torpedo/Workspace/FL4mamba/packages/mamba_ssm/csrc/selective_scan/selective_scan.h(101): error: "ddelta_ptr" has already been declared in the current scope
        void *__restrict__ ddelta_ptr;
                           ^

  /home/torpedo/Workspace/FL4mamba/packages/mamba_ssm/csrc/selective_scan/selective_scan_fwd_kernel.cuh(281): error: identifier "i" is undefined
                        int global_seq_idx = chunk * kChunkSize + i;
                                                                  ^

  2 errors detected in the compilation of "/home/torpedo/Workspace/FL4mamba/packages/mamba_ssm/csrc/selective_scan/selective_scan_fwd_fp16.cu".
  [7/10] /usr/local/cuda/bin/nvcc --generate-dependencies-with-compile --dependency-output /home/torpedo/Workspace/FL4mamba/packages/mamba_ssm/build/temp.linux-x86_64-cpython-312/csrc/selective_scan/selective_scan_bwd_fp32_real.o.d -I/home/torpedo/Workspace/FL4mamba/packages/mamba_ssm/csrc/selective_scan -I/tmp/pip-build-env-j8fj9qom/overlay/local/lib/python3.12/dist-packages/torch/include -I/tmp/pip-build-env-j8fj9qom/overlay/local/lib/python3.12/dist-packages/torch/include/torch/csrc/api/include -I/usr/local/cuda/include -I/usr/include/python3.12 -c -c /home/torpedo/Workspace/FL4mamba/packages/mamba_ssm/csrc/selective_scan/selective_scan_bwd_fp32_real.cu -o /home/torpedo/Workspace/FL4mamba/packages/mamba_ssm/build/temp.linux-x86_64-cpython-312/csrc/selective_scan/selective_scan_bwd_fp32_real.o -D__CUDA_NO_HALF_OPERATORS__ -D__CUDA_NO_HALF_CONVERSIONS__ -D__CUDA_NO_BFLOAT16_CONVERSIONS__ -D__CUDA_NO_HALF2_OPERATORS__ --expt-relaxed-constexpr --compiler-options ''"'"'-fPIC'"'"'' -O3 -std=c++17 -U__CUDA_NO_HALF_OPERATORS__ -U__CUDA_NO_HALF_CONVERSIONS__ -U__CUDA_NO_BFLOAT16_OPERATORS__ -U__CUDA_NO_BFLOAT16_CONVERSIONS__ -U__CUDA_NO_BFLOAT162_OPERATORS__ -U__CUDA_NO_BFLOAT162_CONVERSIONS__ --expt-relaxed-constexpr --expt-extended-lambda --use_fast_math --ptxas-options=-v -lineinfo -gencode arch=compute_53,code=sm_53 -gencode arch=compute_62,code=sm_62 -gencode arch=compute_70,code=sm_70 -gencode arch=compute_72,code=sm_72 -gencode arch=compute_75,code=sm_75 -gencode arch=compute_80,code=sm_80 -gencode arch=compute_87,code=sm_87 -gencode arch=compute_90,code=sm_90 -gencode arch=compute_100,code=sm_100 -gencode arch=compute_120,code=sm_120 --threads 4 -DTORCH_API_INCLUDE_EXTENSION_H -DTORCH_EXTENSION_NAME=selective_scan_cuda
  FAILED: [code=255] /home/torpedo/Workspace/FL4mamba/packages/mamba_ssm/build/temp.linux-x86_64-cpython-312/csrc/selective_scan/selective_scan_bwd_fp32_real.o
  /usr/local/cuda/bin/nvcc --generate-dependencies-with-compile --dependency-output /home/torpedo/Workspace/FL4mamba/packages/mamba_ssm/build/temp.linux-x86_64-cpython-312/csrc/selective_scan/selective_scan_bwd_fp32_real.o.d -I/home/torpedo/Workspace/FL4mamba/packages/mamba_ssm/csrc/selective_scan -I/tmp/pip-build-env-j8fj9qom/overlay/local/lib/python3.12/dist-packages/torch/include -I/tmp/pip-build-env-j8fj9qom/overlay/local/lib/python3.12/dist-packages/torch/include/torch/csrc/api/include -I/usr/local/cuda/include -I/usr/include/python3.12 -c -c /home/torpedo/Workspace/FL4mamba/packages/mamba_ssm/csrc/selective_scan/selective_scan_bwd_fp32_real.cu -o /home/torpedo/Workspace/FL4mamba/packages/mamba_ssm/build/temp.linux-x86_64-cpython-312/csrc/selective_scan/selective_scan_bwd_fp32_real.o -D__CUDA_NO_HALF_OPERATORS__ -D__CUDA_NO_HALF_CONVERSIONS__ -D__CUDA_NO_BFLOAT16_CONVERSIONS__ -D__CUDA_NO_HALF2_OPERATORS__ --expt-relaxed-constexpr --compiler-options ''"'"'-fPIC'"'"'' -O3 -std=c++17 -U__CUDA_NO_HALF_OPERATORS__ -U__CUDA_NO_HALF_CONVERSIONS__ -U__CUDA_NO_BFLOAT16_OPERATORS__ -U__CUDA_NO_BFLOAT16_CONVERSIONS__ -U__CUDA_NO_BFLOAT162_OPERATORS__ -U__CUDA_NO_BFLOAT162_CONVERSIONS__ --expt-relaxed-constexpr --expt-extended-lambda --use_fast_math --ptxas-options=-v -lineinfo -gencode arch=compute_53,code=sm_53 -gencode arch=compute_62,code=sm_62 -gencode arch=compute_70,code=sm_70 -gencode arch=compute_72,code=sm_72 -gencode arch=compute_75,code=sm_75 -gencode arch=compute_80,code=sm_80 -gencode arch=compute_87,code=sm_87 -gencode arch=compute_90,code=sm_90 -gencode arch=compute_100,code=sm_100 -gencode arch=compute_120,code=sm_120 --threads 4 -DTORCH_API_INCLUDE_EXTENSION_H -DTORCH_EXTENSION_NAME=selective_scan_cuda
  nvcc warning : Support for offline compilation for architectures prior to '<compute/sm/lto>_75' will be removed in a future release (Use -Wno-deprecated-gpu-targets to suppress warning).
  /home/torpedo/Workspace/FL4mamba/packages/mamba_ssm/csrc/selective_scan/selective_scan.h(101): error: "ddelta_ptr" has already been declared in the current scope
        void *__restrict__ ddelta_ptr;
                           ^

  1 error detected in the compilation of "/home/torpedo/Workspace/FL4mamba/packages/mamba_ssm/csrc/selective_scan/selective_scan_bwd_fp32_real.cu".
  [8/10] /usr/local/cuda/bin/nvcc --generate-dependencies-with-compile --dependency-output /home/torpedo/Workspace/FL4mamba/packages/mamba_ssm/build/temp.linux-x86_64-cpython-312/csrc/selective_scan/selective_scan_bwd_bf16_complex.o.d -I/home/torpedo/Workspace/FL4mamba/packages/mamba_ssm/csrc/selective_scan -I/tmp/pip-build-env-j8fj9qom/overlay/local/lib/python3.12/dist-packages/torch/include -I/tmp/pip-build-env-j8fj9qom/overlay/local/lib/python3.12/dist-packages/torch/include/torch/csrc/api/include -I/usr/local/cuda/include -I/usr/include/python3.12 -c -c /home/torpedo/Workspace/FL4mamba/packages/mamba_ssm/csrc/selective_scan/selective_scan_bwd_bf16_complex.cu -o /home/torpedo/Workspace/FL4mamba/packages/mamba_ssm/build/temp.linux-x86_64-cpython-312/csrc/selective_scan/selective_scan_bwd_bf16_complex.o -D__CUDA_NO_HALF_OPERATORS__ -D__CUDA_NO_HALF_CONVERSIONS__ -D__CUDA_NO_BFLOAT16_CONVERSIONS__ -D__CUDA_NO_HALF2_OPERATORS__ --expt-relaxed-constexpr --compiler-options ''"'"'-fPIC'"'"'' -O3 -std=c++17 -U__CUDA_NO_HALF_OPERATORS__ -U__CUDA_NO_HALF_CONVERSIONS__ -U__CUDA_NO_BFLOAT16_OPERATORS__ -U__CUDA_NO_BFLOAT16_CONVERSIONS__ -U__CUDA_NO_BFLOAT162_OPERATORS__ -U__CUDA_NO_BFLOAT162_CONVERSIONS__ --expt-relaxed-constexpr --expt-extended-lambda --use_fast_math --ptxas-options=-v -lineinfo -gencode arch=compute_53,code=sm_53 -gencode arch=compute_62,code=sm_62 -gencode arch=compute_70,code=sm_70 -gencode arch=compute_72,code=sm_72 -gencode arch=compute_75,code=sm_75 -gencode arch=compute_80,code=sm_80 -gencode arch=compute_87,code=sm_87 -gencode arch=compute_90,code=sm_90 -gencode arch=compute_100,code=sm_100 -gencode arch=compute_120,code=sm_120 --threads 4 -DTORCH_API_INCLUDE_EXTENSION_H -DTORCH_EXTENSION_NAME=selective_scan_cuda
  FAILED: [code=255] /home/torpedo/Workspace/FL4mamba/packages/mamba_ssm/build/temp.linux-x86_64-cpython-312/csrc/selective_scan/selective_scan_bwd_bf16_complex.o
  /usr/local/cuda/bin/nvcc --generate-dependencies-with-compile --dependency-output /home/torpedo/Workspace/FL4mamba/packages/mamba_ssm/build/temp.linux-x86_64-cpython-312/csrc/selective_scan/selective_scan_bwd_bf16_complex.o.d -I/home/torpedo/Workspace/FL4mamba/packages/mamba_ssm/csrc/selective_scan -I/tmp/pip-build-env-j8fj9qom/overlay/local/lib/python3.12/dist-packages/torch/include -I/tmp/pip-build-env-j8fj9qom/overlay/local/lib/python3.12/dist-packages/torch/include/torch/csrc/api/include -I/usr/local/cuda/include -I/usr/include/python3.12 -c -c /home/torpedo/Workspace/FL4mamba/packages/mamba_ssm/csrc/selective_scan/selective_scan_bwd_bf16_complex.cu -o /home/torpedo/Workspace/FL4mamba/packages/mamba_ssm/build/temp.linux-x86_64-cpython-312/csrc/selective_scan/selective_scan_bwd_bf16_complex.o -D__CUDA_NO_HALF_OPERATORS__ -D__CUDA_NO_HALF_CONVERSIONS__ -D__CUDA_NO_BFLOAT16_CONVERSIONS__ -D__CUDA_NO_HALF2_OPERATORS__ --expt-relaxed-constexpr --compiler-options ''"'"'-fPIC'"'"'' -O3 -std=c++17 -U__CUDA_NO_HALF_OPERATORS__ -U__CUDA_NO_HALF_CONVERSIONS__ -U__CUDA_NO_BFLOAT16_OPERATORS__ -U__CUDA_NO_BFLOAT16_CONVERSIONS__ -U__CUDA_NO_BFLOAT162_OPERATORS__ -U__CUDA_NO_BFLOAT162_CONVERSIONS__ --expt-relaxed-constexpr --expt-extended-lambda --use_fast_math --ptxas-options=-v -lineinfo -gencode arch=compute_53,code=sm_53 -gencode arch=compute_62,code=sm_62 -gencode arch=compute_70,code=sm_70 -gencode arch=compute_72,code=sm_72 -gencode arch=compute_75,code=sm_75 -gencode arch=compute_80,code=sm_80 -gencode arch=compute_87,code=sm_87 -gencode arch=compute_90,code=sm_90 -gencode arch=compute_100,code=sm_100 -gencode arch=compute_120,code=sm_120 --threads 4 -DTORCH_API_INCLUDE_EXTENSION_H -DTORCH_EXTENSION_NAME=selective_scan_cuda
  nvcc warning : Support for offline compilation for architectures prior to '<compute/sm/lto>_75' will be removed in a future release (Use -Wno-deprecated-gpu-targets to suppress warning).
  /home/torpedo/Workspace/FL4mamba/packages/mamba_ssm/csrc/selective_scan/selective_scan.h(101): error: "ddelta_ptr" has already been declared in the current scope
        void *__restrict__ ddelta_ptr;
                           ^

  1 error detected in the compilation of "/home/torpedo/Workspace/FL4mamba/packages/mamba_ssm/csrc/selective_scan/selective_scan_bwd_bf16_complex.cu".
  [9/10] /usr/local/cuda/bin/nvcc --generate-dependencies-with-compile --dependency-output /home/torpedo/Workspace/FL4mamba/packages/mamba_ssm/build/temp.linux-x86_64-cpython-312/csrc/selective_scan/selective_scan_bwd_fp32_complex.o.d -I/home/torpedo/Workspace/FL4mamba/packages/mamba_ssm/csrc/selective_scan -I/tmp/pip-build-env-j8fj9qom/overlay/local/lib/python3.12/dist-packages/torch/include -I/tmp/pip-build-env-j8fj9qom/overlay/local/lib/python3.12/dist-packages/torch/include/torch/csrc/api/include -I/usr/local/cuda/include -I/usr/include/python3.12 -c -c /home/torpedo/Workspace/FL4mamba/packages/mamba_ssm/csrc/selective_scan/selective_scan_bwd_fp32_complex.cu -o /home/torpedo/Workspace/FL4mamba/packages/mamba_ssm/build/temp.linux-x86_64-cpython-312/csrc/selective_scan/selective_scan_bwd_fp32_complex.o -D__CUDA_NO_HALF_OPERATORS__ -D__CUDA_NO_HALF_CONVERSIONS__ -D__CUDA_NO_BFLOAT16_CONVERSIONS__ -D__CUDA_NO_HALF2_OPERATORS__ --expt-relaxed-constexpr --compiler-options ''"'"'-fPIC'"'"'' -O3 -std=c++17 -U__CUDA_NO_HALF_OPERATORS__ -U__CUDA_NO_HALF_CONVERSIONS__ -U__CUDA_NO_BFLOAT16_OPERATORS__ -U__CUDA_NO_BFLOAT16_CONVERSIONS__ -U__CUDA_NO_BFLOAT162_OPERATORS__ -U__CUDA_NO_BFLOAT162_CONVERSIONS__ --expt-relaxed-constexpr --expt-extended-lambda --use_fast_math --ptxas-options=-v -lineinfo -gencode arch=compute_53,code=sm_53 -gencode arch=compute_62,code=sm_62 -gencode arch=compute_70,code=sm_70 -gencode arch=compute_72,code=sm_72 -gencode arch=compute_75,code=sm_75 -gencode arch=compute_80,code=sm_80 -gencode arch=compute_87,code=sm_87 -gencode arch=compute_90,code=sm_90 -gencode arch=compute_100,code=sm_100 -gencode arch=compute_120,code=sm_120 --threads 4 -DTORCH_API_INCLUDE_EXTENSION_H -DTORCH_EXTENSION_NAME=selective_scan_cuda
  FAILED: [code=255] /home/torpedo/Workspace/FL4mamba/packages/mamba_ssm/build/temp.linux-x86_64-cpython-312/csrc/selective_scan/selective_scan_bwd_fp32_complex.o
  /usr/local/cuda/bin/nvcc --generate-dependencies-with-compile --dependency-output /home/torpedo/Workspace/FL4mamba/packages/mamba_ssm/build/temp.linux-x86_64-cpython-312/csrc/selective_scan/selective_scan_bwd_fp32_complex.o.d -I/home/torpedo/Workspace/FL4mamba/packages/mamba_ssm/csrc/selective_scan -I/tmp/pip-build-env-j8fj9qom/overlay/local/lib/python3.12/dist-packages/torch/include -I/tmp/pip-build-env-j8fj9qom/overlay/local/lib/python3.12/dist-packages/torch/include/torch/csrc/api/include -I/usr/local/cuda/include -I/usr/include/python3.12 -c -c /home/torpedo/Workspace/FL4mamba/packages/mamba_ssm/csrc/selective_scan/selective_scan_bwd_fp32_complex.cu -o /home/torpedo/Workspace/FL4mamba/packages/mamba_ssm/build/temp.linux-x86_64-cpython-312/csrc/selective_scan/selective_scan_bwd_fp32_complex.o -D__CUDA_NO_HALF_OPERATORS__ -D__CUDA_NO_HALF_CONVERSIONS__ -D__CUDA_NO_BFLOAT16_CONVERSIONS__ -D__CUDA_NO_HALF2_OPERATORS__ --expt-relaxed-constexpr --compiler-options ''"'"'-fPIC'"'"'' -O3 -std=c++17 -U__CUDA_NO_HALF_OPERATORS__ -U__CUDA_NO_HALF_CONVERSIONS__ -U__CUDA_NO_BFLOAT16_OPERATORS__ -U__CUDA_NO_BFLOAT16_CONVERSIONS__ -U__CUDA_NO_BFLOAT162_OPERATORS__ -U__CUDA_NO_BFLOAT162_CONVERSIONS__ --expt-relaxed-constexpr --expt-extended-lambda --use_fast_math --ptxas-options=-v -lineinfo -gencode arch=compute_53,code=sm_53 -gencode arch=compute_62,code=sm_62 -gencode arch=compute_70,code=sm_70 -gencode arch=compute_72,code=sm_72 -gencode arch=compute_75,code=sm_75 -gencode arch=compute_80,code=sm_80 -gencode arch=compute_87,code=sm_87 -gencode arch=compute_90,code=sm_90 -gencode arch=compute_100,code=sm_100 -gencode arch=compute_120,code=sm_120 --threads 4 -DTORCH_API_INCLUDE_EXTENSION_H -DTORCH_EXTENSION_NAME=selective_scan_cuda
  nvcc warning : Support for offline compilation for architectures prior to '<compute/sm/lto>_75' will be removed in a future release (Use -Wno-deprecated-gpu-targets to suppress warning).
  /home/torpedo/Workspace/FL4mamba/packages/mamba_ssm/csrc/selective_scan/selective_scan.h(101): error: "ddelta_ptr" has already been declared in the current scope
        void *__restrict__ ddelta_ptr;
                           ^

  1 error detected in the compilation of "/home/torpedo/Workspace/FL4mamba/packages/mamba_ssm/csrc/selective_scan/selective_scan_bwd_fp32_complex.cu".
  [10/10] c++ -MMD -MF /home/torpedo/Workspace/FL4mamba/packages/mamba_ssm/build/temp.linux-x86_64-cpython-312/csrc/selective_scan/selective_scan.o.d -fno-strict-overflow -Wsign-compare -DNDEBUG -g -O2 -Wall -fPIC -I/home/torpedo/Workspace/FL4mamba/packages/mamba_ssm/csrc/selective_scan -I/tmp/pip-build-env-j8fj9qom/overlay/local/lib/python3.12/dist-packages/torch/include -I/tmp/pip-build-env-j8fj9qom/overlay/local/lib/python3.12/dist-packages/torch/include/torch/csrc/api/include -I/usr/local/cuda/include -I/usr/include/python3.12 -c -c /home/torpedo/Workspace/FL4mamba/packages/mamba_ssm/csrc/selective_scan/selective_scan.cpp -o /home/torpedo/Workspace/FL4mamba/packages/mamba_ssm/build/temp.linux-x86_64-cpython-312/csrc/selective_scan/selective_scan.o -O3 -std=c++17 -DTORCH_API_INCLUDE_EXTENSION_H -DTORCH_EXTENSION_NAME=selective_scan_cuda
  FAILED: [code=1] /home/torpedo/Workspace/FL4mamba/packages/mamba_ssm/build/temp.linux-x86_64-cpython-312/csrc/selective_scan/selective_scan.o
  c++ -MMD -MF /home/torpedo/Workspace/FL4mamba/packages/mamba_ssm/build/temp.linux-x86_64-cpython-312/csrc/selective_scan/selective_scan.o.d -fno-strict-overflow -Wsign-compare -DNDEBUG -g -O2 -Wall -fPIC -I/home/torpedo/Workspace/FL4mamba/packages/mamba_ssm/csrc/selective_scan -I/tmp/pip-build-env-j8fj9qom/overlay/local/lib/python3.12/dist-packages/torch/include -I/tmp/pip-build-env-j8fj9qom/overlay/local/lib/python3.12/dist-packages/torch/include/torch/csrc/api/include -I/usr/local/cuda/include -I/usr/include/python3.12 -c -c /home/torpedo/Workspace/FL4mamba/packages/mamba_ssm/csrc/selective_scan/selective_scan.cpp -o /home/torpedo/Workspace/FL4mamba/packages/mamba_ssm/build/temp.linux-x86_64-cpython-312/csrc/selective_scan/selective_scan.o -O3 -std=c++17 -DTORCH_API_INCLUDE_EXTENSION_H -DTORCH_EXTENSION_NAME=selective_scan_cuda
  In file included from /home/torpedo/Workspace/FL4mamba/packages/mamba_ssm/csrc/selective_scan/selective_scan.cpp:10:
  /home/torpedo/Workspace/FL4mamba/packages/mamba_ssm/csrc/selective_scan/selective_scan.h:101:24: error: redeclaration of void* __restrict__ SSMParamsBwd::ddelta_ptr
    101 |     void *__restrict__ ddelta_ptr;
        |                        ^~~~~~~~~~
  /home/torpedo/Workspace/FL4mamba/packages/mamba_ssm/csrc/selective_scan/selective_scan.h:100:24: note: previous declaration void* __restrict__ SSMParamsBwd::ddelta_ptr
    100 |     void *__restrict__ ddelta_ptr;
        |                        ^~~~~~~~~~
  /home/torpedo/Workspace/FL4mamba/packages/mamba_ssm/csrc/selective_scan/selective_scan.cpp:176:31: error: redefinition of void* ddelta_bias_ptr
    176 |                         void* ddelta_bias_ptr,
        |                         ~~~~~~^~~~~~~~~~~~~~~
  /home/torpedo/Workspace/FL4mamba/packages/mamba_ssm/csrc/selective_scan/selective_scan.cpp:175:31: note: void* ddelta_bias_ptr previously declared here
    175 |                         void* ddelta_bias_ptr,
        |                         ~~~~~~^~~~~~~~~~~~~~~
  /home/torpedo/Workspace/FL4mamba/packages/mamba_ssm/csrc/selective_scan/selective_scan.cpp:237:52: error: redefinition of const std::optional<at::Tensor>& z_
    237 |                   const c10::optional<at::Tensor> &z_,
        |                   ~~~~~~~~~~~~~~~~~~~~~~~~~~~~~~~~~^~
  /home/torpedo/Workspace/FL4mamba/packages/mamba_ssm/csrc/selective_scan/selective_scan.cpp:235:52: note: const std::optional<at::Tensor>& z_ previously declared here
    235 |                   const c10::optional<at::Tensor> &z_,
        |                   ~~~~~~~~~~~~~~~~~~~~~~~~~~~~~~~~~^~
  /home/torpedo/Workspace/FL4mamba/packages/mamba_ssm/csrc/selective_scan/selective_scan.cpp:238:52: error: redefinition of const std::optional<at::Tensor>& delta_bias_
    238 |                   const c10::optional<at::Tensor> &delta_bias_,
        |                   ~~~~~~~~~~~~~~~~~~~~~~~~~~~~~~~~~^~~~~~~~~~~
  /home/torpedo/Workspace/FL4mamba/packages/mamba_ssm/csrc/selective_scan/selective_scan.cpp:236:52: note: const std::optional<at::Tensor>& delta_bias_ previously declared here
    236 |                   const c10::optional<at::Tensor> &delta_bias_,
        |                   ~~~~~~~~~~~~~~~~~~~~~~~~~~~~~~~~~^~~~~~~~~~~
  /home/torpedo/Workspace/FL4mamba/packages/mamba_ssm/csrc/selective_scan/selective_scan.cpp: In function std::vector<at::Tensor> selective_scan_fwd(...):
  /home/torpedo/Workspace/FL4mamba/packages/mamba_ssm/csrc/selective_scan/selective_scan.cpp:339:24: error: cannot convert const bool to void*
    339 |                        has_z,
        |                        ^~~~~
        |                        |
        |                        const bool
  /home/torpedo/Workspace/FL4mamba/packages/mamba_ssm/csrc/selective_scan/selective_scan.cpp:81:31: note:   initializing argument 21 of void set_ssm_params_fwd(SSMParamsBase&, size_t, size_t, size_t, size_t, size_t, size_t, bool, bool, at::Tensor, at::Tensor, at::Tensor, at::Tensor, at::Tensor, at::Tensor, at::Tensor, at::Tensor, void*, void*, void*, void*, bool, bool)
     81 |                         void* h_ptr, // [NEW]
        |                         ~~~~~~^~~~~
  /home/torpedo/Workspace/FL4mamba/packages/mamba_ssm/csrc/selective_scan/selective_scan.cpp: At global scope:
  /home/torpedo/Workspace/FL4mamba/packages/mamba_ssm/csrc/selective_scan/selective_scan.cpp:371:46: error: redefinition of std::optional<at::Tensor>& dz_
    371 |                   c10::optional<at::Tensor> &dz_,
        |                   ~~~~~~~~~~~~~~~~~~~~~~~~~~~^~~
  /home/torpedo/Workspace/FL4mamba/packages/mamba_ssm/csrc/selective_scan/selective_scan.cpp:370:46: note: std::optional<at::Tensor>& dz_ previously declared here
    370 |                   c10::optional<at::Tensor> &dz_,
        |                   ~~~~~~~~~~~~~~~~~~~~~~~~~~~^~~
  In file included from /tmp/pip-build-env-j8fj9qom/overlay/local/lib/python3.12/dist-packages/torch/include/torch/csrc/Exceptions.h:12,
                   from /tmp/pip-build-env-j8fj9qom/overlay/local/lib/python3.12/dist-packages/torch/include/torch/csrc/api/include/torch/python.h:11,
                   from /home/torpedo/Workspace/FL4mamba/packages/mamba_ssm/csrc/selective_scan/selective_scan.cpp:7:
  /tmp/pip-build-env-j8fj9qom/overlay/local/lib/python3.12/dist-packages/torch/include/pybind11/pybind11.h: In instantiation of pybind11::module_& pybind11::module_::def(const char*, Func&&, const Extra& ...) [with Func = std::vector<at::Tensor> (*)(...); Extra = {char [23], pybind11::arg, pybind11::arg, pybind11::arg, pybind11::arg, pybind11::arg, pybind11::arg_v, pybind11::arg_v, pybind11::arg_v, pybind11::arg_v, pybind11::arg_v}]:
  /home/torpedo/Workspace/FL4mamba/packages/mamba_ssm/csrc/selective_scan/selective_scan.cpp:529:10:   required from here
  /tmp/pip-build-env-j8fj9qom/overlay/local/lib/python3.12/dist-packages/torch/include/pybind11/pybind11.h:1436:22: error: no matching function for call to pybind11::cpp_function::cpp_function(std::vector<at::Tensor> (*)(...), pybind11::name, pybind11::scope, pybind11::sibling, const char [23], const pybind11::arg&, const pybind11::arg&, const pybind11::arg&, const pybind11::arg&, const pybind11::arg&, const pybind11::arg_v&, const pybind11::arg_v&, const pybind11::arg_v&, const pybind11::arg_v&, const pybind11::arg_v&)
   1436 |         cpp_function func(std::forward<Func>(f),
        |                      ^~~~
  /tmp/pip-build-env-j8fj9qom/overlay/local/lib/python3.12/dist-packages/torch/include/pybind11/pybind11.h:264:5: note: candidate: pybind11::cpp_function::cpp_function(Return (*)(Args ...), const Extra& ...) [with Return = std::vector<at::Tensor>; Args = {}; Extra = {pybind11::name, pybind11::scope, pybind11::sibling, char [23], pybind11::arg, pybind11::arg, pybind11::arg, pybind11::arg, pybind11::arg, pybind11::arg_v, pybind11::arg_v, pybind11::arg_v, pybind11::arg_v, pybind11::arg_v}] (near match)
    264 |     cpp_function(Return (*f)(Args...), const Extra &...extra) {
        |     ^~~~~~~~~~~~
  /tmp/pip-build-env-j8fj9qom/overlay/local/lib/python3.12/dist-packages/torch/include/pybind11/pybind11.h:264:5: note:   conversion of argument 1 would be ill-formed:
  /tmp/pip-build-env-j8fj9qom/overlay/local/lib/python3.12/dist-packages/torch/include/pybind11/pybind11.h:1436:22: error: invalid conversion from std::vector<at::Tensor> (*)(...) to std::vector<at::Tensor> (*)() [-fpermissive]
   1436 |         cpp_function func(std::forward<Func>(f),
        |                      ^~~~
        |                      |
        |                      std::vector<at::Tensor> (*)(...)
  /tmp/pip-build-env-j8fj9qom/overlay/local/lib/python3.12/dist-packages/torch/include/pybind11/pybind11.h:315:5: note: candidate: template<class Return, class Class, class ... Arg, class ... Extra> pybind11::cpp_function::cpp_function(Return (Class::*)(Arg ...) const &, const Extra& ...)
    315 |     cpp_function(Return (Class::*f)(Arg...) const &, const Extra &...extra) {
        |     ^~~~~~~~~~~~
  /tmp/pip-build-env-j8fj9qom/overlay/local/lib/python3.12/dist-packages/torch/include/pybind11/pybind11.h:315:5: note:   template argument deduction/substitution failed:
  /tmp/pip-build-env-j8fj9qom/overlay/local/lib/python3.12/dist-packages/torch/include/pybind11/pybind11.h:1436:22: note:   mismatched types Return (Class::*)(Arg ...) const & and std::vector<at::Tensor> (*)(...)
   1436 |         cpp_function func(std::forward<Func>(f),
        |                      ^~~~
  /tmp/pip-build-env-j8fj9qom/overlay/local/lib/python3.12/dist-packages/torch/include/pybind11/pybind11.h:303:5: note: candidate: template<class Return, class Class, class ... Arg, class ... Extra> pybind11::cpp_function::cpp_function(Return (Class::*)(Arg ...) const, const Extra& ...)
    303 |     cpp_function(Return (Class::*f)(Arg...) const, const Extra &...extra) {
        |     ^~~~~~~~~~~~
  /tmp/pip-build-env-j8fj9qom/overlay/local/lib/python3.12/dist-packages/torch/include/pybind11/pybind11.h:303:5: note:   template argument deduction/substitution failed:
  /tmp/pip-build-env-j8fj9qom/overlay/local/lib/python3.12/dist-packages/torch/include/pybind11/pybind11.h:1436:22: note:   mismatched types Return (Class::*)(Arg ...) const and std::vector<at::Tensor> (*)(...)
   1436 |         cpp_function func(std::forward<Func>(f),
        |                      ^~~~
  /tmp/pip-build-env-j8fj9qom/overlay/local/lib/python3.12/dist-packages/torch/include/pybind11/pybind11.h:293:5: note: candidate: template<class Return, class Class, class ... Arg, class ... Extra> pybind11::cpp_function::cpp_function(Return (Class::*)(Arg ...) &, const Extra& ...)
    293 |     cpp_function(Return (Class::*f)(Arg...) &, const Extra &...extra) {
        |     ^~~~~~~~~~~~
  /tmp/pip-build-env-j8fj9qom/overlay/local/lib/python3.12/dist-packages/torch/include/pybind11/pybind11.h:293:5: note:   template argument deduction/substitution failed:
  /tmp/pip-build-env-j8fj9qom/overlay/local/lib/python3.12/dist-packages/torch/include/pybind11/pybind11.h:1436:22: note:   mismatched types Return (Class::*)(Arg ...) & and std::vector<at::Tensor> (*)(...)
   1436 |         cpp_function func(std::forward<Func>(f),
        |                      ^~~~
  /tmp/pip-build-env-j8fj9qom/overlay/local/lib/python3.12/dist-packages/torch/include/pybind11/pybind11.h:281:5: note: candidate: template<class Return, class Class, class ... Arg, class ... Extra> pybind11::cpp_function::cpp_function(Return (Class::*)(Arg ...), const Extra& ...)
    281 |     cpp_function(Return (Class::*f)(Arg...), const Extra &...extra) {
        |     ^~~~~~~~~~~~
  /tmp/pip-build-env-j8fj9qom/overlay/local/lib/python3.12/dist-packages/torch/include/pybind11/pybind11.h:281:5: note:   template argument deduction/substitution failed:
  /tmp/pip-build-env-j8fj9qom/overlay/local/lib/python3.12/dist-packages/torch/include/pybind11/pybind11.h:1436:22: note:   mismatched types Return (Class::*)(Arg ...) and std::vector<at::Tensor> (*)(...)
   1436 |         cpp_function func(std::forward<Func>(f),
        |                      ^~~~
  /tmp/pip-build-env-j8fj9qom/overlay/local/lib/python3.12/dist-packages/torch/include/pybind11/pybind11.h:273:5: note: candidate: template<class Func, class ... Extra, class> pybind11::cpp_function::cpp_function(Func&&, const Extra& ...)
    273 |     cpp_function(Func &&f, const Extra &...extra) {
        |     ^~~~~~~~~~~~
  /tmp/pip-build-env-j8fj9qom/overlay/local/lib/python3.12/dist-packages/torch/include/pybind11/pybind11.h:273:5: note:   template argument deduction/substitution failed:
  In file included from /usr/include/c++/13/bits/move.h:37,
                   from /usr/include/c++/13/bits/stl_function.h:60,
                   from /usr/include/c++/13/functional:49,
                   from /tmp/pip-build-env-j8fj9qom/overlay/local/lib/python3.12/dist-packages/torch/include/c10/core/DeviceType.h:12,
                   from /tmp/pip-build-env-j8fj9qom/overlay/local/lib/python3.12/dist-packages/torch/include/c10/cuda/CUDAGuard.h:3,
                   from /home/torpedo/Workspace/FL4mamba/packages/mamba_ssm/csrc/selective_scan/selective_scan.cpp:5:
  /usr/include/c++/13/type_traits: In substitution of template<bool _Cond, class _Tp> using std::enable_if_t = typename std::enable_if::type [with bool _Cond = false; _Tp = void]:
  /tmp/pip-build-env-j8fj9qom/overlay/local/lib/python3.12/dist-packages/torch/include/pybind11/pybind11.h:271:15:   required from pybind11::module_& pybind11::module_::def(const char*, Func&&, const Extra& ...) [with Func = std::vector<at::Tensor> (*)(...); Extra = {char [23], pybind11::arg, pybind11::arg, pybind11::arg, pybind11::arg, pybind11::arg, pybind11::arg_v, pybind11::arg_v, pybind11::arg_v, pybind11::arg_v, pybind11::arg_v}]
  /home/torpedo/Workspace/FL4mamba/packages/mamba_ssm/csrc/selective_scan/selective_scan.cpp:529:10:   required from here
  /usr/include/c++/13/type_traits:2610:11: error: no type named type in struct std::enable_if<false, void>
   2610 |     using enable_if_t = typename enable_if<_Cond, _Tp>::type;
        |           ^~~~~~~~~~~
  /tmp/pip-build-env-j8fj9qom/overlay/local/lib/python3.12/dist-packages/torch/include/pybind11/pybind11.h: In instantiation of pybind11::module_& pybind11::module_::def(const char*, Func&&, const Extra& ...) [with Func = std::vector<at::Tensor> (*)(...); Extra = {char [23], pybind11::arg, pybind11::arg, pybind11::arg, pybind11::arg, pybind11::arg, pybind11::arg_v, pybind11::arg_v, pybind11::arg_v, pybind11::arg_v, pybind11::arg_v}]:
  /home/torpedo/Workspace/FL4mamba/packages/mamba_ssm/csrc/selective_scan/selective_scan.cpp:529:10:   required from here
  /tmp/pip-build-env-j8fj9qom/overlay/local/lib/python3.12/dist-packages/torch/include/pybind11/pybind11.h:259:5: note: candidate: pybind11::cpp_function::cpp_function(std::nullptr_t, const pybind11::is_setter&)
    259 |     cpp_function(std::nullptr_t, const is_setter &) {}
        |     ^~~~~~~~~~~~
  /tmp/pip-build-env-j8fj9qom/overlay/local/lib/python3.12/dist-packages/torch/include/pybind11/pybind11.h:259:5: note:   candidate expects 2 arguments, 15 provided
  /tmp/pip-build-env-j8fj9qom/overlay/local/lib/python3.12/dist-packages/torch/include/pybind11/pybind11.h:258:5: note: candidate: pybind11::cpp_function::cpp_function(std::nullptr_t)
    258 |     cpp_function(std::nullptr_t) {}
        |     ^~~~~~~~~~~~
  /tmp/pip-build-env-j8fj9qom/overlay/local/lib/python3.12/dist-packages/torch/include/pybind11/pybind11.h:258:5: note:   candidate expects 1 argument, 15 provided
  /tmp/pip-build-env-j8fj9qom/overlay/local/lib/python3.12/dist-packages/torch/include/pybind11/pybind11.h:256:5: note: candidate: constexpr pybind11::cpp_function::cpp_function()
    256 |     cpp_function() = default;
        |     ^~~~~~~~~~~~
  /tmp/pip-build-env-j8fj9qom/overlay/local/lib/python3.12/dist-packages/torch/include/pybind11/pybind11.h:256:5: note:   candidate expects 0 arguments, 15 provided
  /tmp/pip-build-env-j8fj9qom/overlay/local/lib/python3.12/dist-packages/torch/include/pybind11/pybind11.h:254:7: note: candidate: pybind11::cpp_function::cpp_function(const pybind11::cpp_function&)
    254 | class cpp_function : public function {
        |       ^~~~~~~~~~~~
  /tmp/pip-build-env-j8fj9qom/overlay/local/lib/python3.12/dist-packages/torch/include/pybind11/pybind11.h:254:7: note:   candidate expects 1 argument, 15 provided
  /tmp/pip-build-env-j8fj9qom/overlay/local/lib/python3.12/dist-packages/torch/include/pybind11/pybind11.h:254:7: note: candidate: pybind11::cpp_function::cpp_function(pybind11::cpp_function&&)
  /tmp/pip-build-env-j8fj9qom/overlay/local/lib/python3.12/dist-packages/torch/include/pybind11/pybind11.h:254:7: note:   candidate expects 1 argument, 15 provided
  /tmp/pip-build-env-j8fj9qom/overlay/local/lib/python3.12/dist-packages/torch/include/pybind11/pybind11.h: In instantiation of pybind11::module_& pybind11::module_::def(const char*, Func&&, const Extra& ...) [with Func = std::vector<at::Tensor> (*)(...); Extra = {char [24], pybind11::arg, pybind11::arg, pybind11::arg, pybind11::arg, pybind11::arg, pybind11::arg_v, pybind11::arg_v, pybind11::arg_v, pybind11::arg, pybind11::arg_v, pybind11::arg_v, pybind11::arg_v, pybind11::arg_v, pybind11::arg_v, pybind11::arg_v}]:
  /home/torpedo/Workspace/FL4mamba/packages/mamba_ssm/csrc/selective_scan/selective_scan.cpp:530:10:   required from here
  /tmp/pip-build-env-j8fj9qom/overlay/local/lib/python3.12/dist-packages/torch/include/pybind11/pybind11.h:1436:22: error: no matching function for call to pybind11::cpp_function::cpp_function(std::vector<at::Tensor> (*)(...), pybind11::name, pybind11::scope, pybind11::sibling, const char [24], const pybind11::arg&, const pybind11::arg&, const pybind11::arg&, const pybind11::arg&, const pybind11::arg&, const pybind11::arg_v&, const pybind11::arg_v&, const pybind11::arg_v&, const pybind11::arg&, const pybind11::arg_v&, const pybind11::arg_v&, const pybind11::arg_v&, const pybind11::arg_v&, const pybind11::arg_v&, const pybind11::arg_v&)
   1436 |         cpp_function func(std::forward<Func>(f),
        |                      ^~~~
  /tmp/pip-build-env-j8fj9qom/overlay/local/lib/python3.12/dist-packages/torch/include/pybind11/pybind11.h:264:5: note: candidate: pybind11::cpp_function::cpp_function(Return (*)(Args ...), const Extra& ...) [with Return = std::vector<at::Tensor>; Args = {}; Extra = {pybind11::name, pybind11::scope, pybind11::sibling, char [24], pybind11::arg, pybind11::arg, pybind11::arg, pybind11::arg, pybind11::arg, pybind11::arg_v, pybind11::arg_v, pybind11::arg_v, pybind11::arg, pybind11::arg_v, pybind11::arg_v, pybind11::arg_v, pybind11::arg_v, pybind11::arg_v, pybind11::arg_v}] (near match)
    264 |     cpp_function(Return (*f)(Args...), const Extra &...extra) {
        |     ^~~~~~~~~~~~
  /tmp/pip-build-env-j8fj9qom/overlay/local/lib/python3.12/dist-packages/torch/include/pybind11/pybind11.h:264:5: note:   conversion of argument 1 would be ill-formed:
  /tmp/pip-build-env-j8fj9qom/overlay/local/lib/python3.12/dist-packages/torch/include/pybind11/pybind11.h:1436:22: error: invalid conversion from std::vector<at::Tensor> (*)(...) to std::vector<at::Tensor> (*)() [-fpermissive]
   1436 |         cpp_function func(std::forward<Func>(f),
        |                      ^~~~
        |                      |
        |                      std::vector<at::Tensor> (*)(...)
  /tmp/pip-build-env-j8fj9qom/overlay/local/lib/python3.12/dist-packages/torch/include/pybind11/pybind11.h:315:5: note: candidate: template<class Return, class Class, class ... Arg, class ... Extra> pybind11::cpp_function::cpp_function(Return (Class::*)(Arg ...) const &, const Extra& ...)
    315 |     cpp_function(Return (Class::*f)(Arg...) const &, const Extra &...extra) {
        |     ^~~~~~~~~~~~
  /tmp/pip-build-env-j8fj9qom/overlay/local/lib/python3.12/dist-packages/torch/include/pybind11/pybind11.h:315:5: note:   template argument deduction/substitution failed:
  /tmp/pip-build-env-j8fj9qom/overlay/local/lib/python3.12/dist-packages/torch/include/pybind11/pybind11.h:1436:22: note:   mismatched types Return (Class::*)(Arg ...) const & and std::vector<at::Tensor> (*)(...)
   1436 |         cpp_function func(std::forward<Func>(f),
        |                      ^~~~
  /tmp/pip-build-env-j8fj9qom/overlay/local/lib/python3.12/dist-packages/torch/include/pybind11/pybind11.h:303:5: note: candidate: template<class Return, class Class, class ... Arg, class ... Extra> pybind11::cpp_function::cpp_function(Return (Class::*)(Arg ...) const, const Extra& ...)
    303 |     cpp_function(Return (Class::*f)(Arg...) const, const Extra &...extra) {
        |     ^~~~~~~~~~~~
  /tmp/pip-build-env-j8fj9qom/overlay/local/lib/python3.12/dist-packages/torch/include/pybind11/pybind11.h:303:5: note:   template argument deduction/substitution failed:
  /tmp/pip-build-env-j8fj9qom/overlay/local/lib/python3.12/dist-packages/torch/include/pybind11/pybind11.h:1436:22: note:   mismatched types Return (Class::*)(Arg ...) const and std::vector<at::Tensor> (*)(...)
   1436 |         cpp_function func(std::forward<Func>(f),
        |                      ^~~~
  /tmp/pip-build-env-j8fj9qom/overlay/local/lib/python3.12/dist-packages/torch/include/pybind11/pybind11.h:293:5: note: candidate: template<class Return, class Class, class ... Arg, class ... Extra> pybind11::cpp_function::cpp_function(Return (Class::*)(Arg ...) &, const Extra& ...)
    293 |     cpp_function(Return (Class::*f)(Arg...) &, const Extra &...extra) {
        |     ^~~~~~~~~~~~
  /tmp/pip-build-env-j8fj9qom/overlay/local/lib/python3.12/dist-packages/torch/include/pybind11/pybind11.h:293:5: note:   template argument deduction/substitution failed:
  /tmp/pip-build-env-j8fj9qom/overlay/local/lib/python3.12/dist-packages/torch/include/pybind11/pybind11.h:1436:22: note:   mismatched types Return (Class::*)(Arg ...) & and std::vector<at::Tensor> (*)(...)
   1436 |         cpp_function func(std::forward<Func>(f),
        |                      ^~~~
  /tmp/pip-build-env-j8fj9qom/overlay/local/lib/python3.12/dist-packages/torch/include/pybind11/pybind11.h:281:5: note: candidate: template<class Return, class Class, class ... Arg, class ... Extra> pybind11::cpp_function::cpp_function(Return (Class::*)(Arg ...), const Extra& ...)
    281 |     cpp_function(Return (Class::*f)(Arg...), const Extra &...extra) {
        |     ^~~~~~~~~~~~
  /tmp/pip-build-env-j8fj9qom/overlay/local/lib/python3.12/dist-packages/torch/include/pybind11/pybind11.h:281:5: note:   template argument deduction/substitution failed:
  /tmp/pip-build-env-j8fj9qom/overlay/local/lib/python3.12/dist-packages/torch/include/pybind11/pybind11.h:1436:22: note:   mismatched types Return (Class::*)(Arg ...) and std::vector<at::Tensor> (*)(...)
   1436 |         cpp_function func(std::forward<Func>(f),
        |                      ^~~~
  /tmp/pip-build-env-j8fj9qom/overlay/local/lib/python3.12/dist-packages/torch/include/pybind11/pybind11.h:273:5: note: candidate: template<class Func, class ... Extra, class> pybind11::cpp_function::cpp_function(Func&&, const Extra& ...)
    273 |     cpp_function(Func &&f, const Extra &...extra) {
        |     ^~~~~~~~~~~~
  /tmp/pip-build-env-j8fj9qom/overlay/local/lib/python3.12/dist-packages/torch/include/pybind11/pybind11.h:273:5: note:   template argument deduction/substitution failed:
  /tmp/pip-build-env-j8fj9qom/overlay/local/lib/python3.12/dist-packages/torch/include/pybind11/pybind11.h:259:5: note: candidate: pybind11::cpp_function::cpp_function(std::nullptr_t, const pybind11::is_setter&)
    259 |     cpp_function(std::nullptr_t, const is_setter &) {}
        |     ^~~~~~~~~~~~
  /tmp/pip-build-env-j8fj9qom/overlay/local/lib/python3.12/dist-packages/torch/include/pybind11/pybind11.h:259:5: note:   candidate expects 2 arguments, 20 provided
  /tmp/pip-build-env-j8fj9qom/overlay/local/lib/python3.12/dist-packages/torch/include/pybind11/pybind11.h:258:5: note: candidate: pybind11::cpp_function::cpp_function(std::nullptr_t)
    258 |     cpp_function(std::nullptr_t) {}
        |     ^~~~~~~~~~~~
  /tmp/pip-build-env-j8fj9qom/overlay/local/lib/python3.12/dist-packages/torch/include/pybind11/pybind11.h:258:5: note:   candidate expects 1 argument, 20 provided
  /tmp/pip-build-env-j8fj9qom/overlay/local/lib/python3.12/dist-packages/torch/include/pybind11/pybind11.h:256:5: note: candidate: constexpr pybind11::cpp_function::cpp_function()
    256 |     cpp_function() = default;
        |     ^~~~~~~~~~~~
  /tmp/pip-build-env-j8fj9qom/overlay/local/lib/python3.12/dist-packages/torch/include/pybind11/pybind11.h:256:5: note:   candidate expects 0 arguments, 20 provided
  /tmp/pip-build-env-j8fj9qom/overlay/local/lib/python3.12/dist-packages/torch/include/pybind11/pybind11.h:254:7: note: candidate: pybind11::cpp_function::cpp_function(const pybind11::cpp_function&)
    254 | class cpp_function : public function {
        |       ^~~~~~~~~~~~
  /tmp/pip-build-env-j8fj9qom/overlay/local/lib/python3.12/dist-packages/torch/include/pybind11/pybind11.h:254:7: note:   candidate expects 1 argument, 20 provided
  /tmp/pip-build-env-j8fj9qom/overlay/local/lib/python3.12/dist-packages/torch/include/pybind11/pybind11.h:254:7: note: candidate: pybind11::cpp_function::cpp_function(pybind11::cpp_function&&)
  /tmp/pip-build-env-j8fj9qom/overlay/local/lib/python3.12/dist-packages/torch/include/pybind11/pybind11.h:254:7: note:   candidate expects 1 argument, 20 provided
  ninja: build stopped: subcommand failed.
  Traceback (most recent call last):
    File "<string>", line 342, in run
    File "/usr/lib/python3.12/urllib/request.py", line 240, in urlretrieve
      with contextlib.closing(urlopen(url, data)) as fp:
                              ^^^^^^^^^^^^^^^^^^
    File "/usr/lib/python3.12/urllib/request.py", line 215, in urlopen
      return opener.open(url, data, timeout)
             ^^^^^^^^^^^^^^^^^^^^^^^^^^^^^^^
    File "/usr/lib/python3.12/urllib/request.py", line 521, in open
      response = meth(req, response)
                 ^^^^^^^^^^^^^^^^^^^
    File "/usr/lib/python3.12/urllib/request.py", line 630, in http_response
      response = self.parent.error(
                 ^^^^^^^^^^^^^^^^^^
    File "/usr/lib/python3.12/urllib/request.py", line 559, in error
      return self._call_chain(*args)
             ^^^^^^^^^^^^^^^^^^^^^^^
    File "/usr/lib/python3.12/urllib/request.py", line 492, in _call_chain
      result = func(*args)
               ^^^^^^^^^^^
    File "/usr/lib/python3.12/urllib/request.py", line 639, in http_error_default
      raise HTTPError(req.full_url, code, msg, hdrs, fp)
  urllib.error.HTTPError: HTTP Error 404: Not Found

  During handling of the above exception, another exception occurred:

  Traceback (most recent call last):
    File "/tmp/pip-build-env-j8fj9qom/overlay/local/lib/python3.12/dist-packages/torch/utils/cpp_extension.py", line 2597, in _run_ninja_build
      subprocess.run(
    File "/usr/lib/python3.12/subprocess.py", line 571, in run
      raise CalledProcessError(retcode, process.args,
  subprocess.CalledProcessError: Command '['ninja', '-v']' returned non-zero exit status 1.

  The above exception was the direct cause of the following exception:

  Traceback (most recent call last):
    File "/home/torpedo/.local/lib/python3.12/site-packages/pip/_vendor/pyproject_hooks/_in_process/_in_process.py", line 389, in <module>
      main()
    File "/home/torpedo/.local/lib/python3.12/site-packages/pip/_vendor/pyproject_hooks/_in_process/_in_process.py", line 373, in main
      json_out["return_val"] = hook(**hook_input["kwargs"])
                               ^^^^^^^^^^^^^^^^^^^^^^^^^^^^
    File "/home/torpedo/.local/lib/python3.12/site-packages/pip/_vendor/pyproject_hooks/_in_process/_in_process.py", line 280, in build_wheel
      return _build_backend().build_wheel(
             ^^^^^^^^^^^^^^^^^^^^^^^^^^^^^
    File "/tmp/pip-build-env-j8fj9qom/overlay/local/lib/python3.12/dist-packages/setuptools/build_meta.py", line 435, in build_wheel
      return _build(['bdist_wheel', '--dist-info-dir', str(metadata_directory)])
             ^^^^^^^^^^^^^^^^^^^^^^^^^^^^^^^^^^^^^^^^^^^^^^^^^^^^^^^^^^^^^^^^^^^
    File "/tmp/pip-build-env-j8fj9qom/overlay/local/lib/python3.12/dist-packages/setuptools/build_meta.py", line 423, in _build
      return self._build_with_temp_dir(
             ^^^^^^^^^^^^^^^^^^^^^^^^^^
    File "/tmp/pip-build-env-j8fj9qom/overlay/local/lib/python3.12/dist-packages/setuptools/build_meta.py", line 404, in _build_with_temp_dir
      self.run_setup()
    File "/tmp/pip-build-env-j8fj9qom/overlay/local/lib/python3.12/dist-packages/setuptools/build_meta.py", line 317, in run_setup
      exec(code, locals())
    File "<string>", line 361, in <module>
    File "/tmp/pip-build-env-j8fj9qom/overlay/local/lib/python3.12/dist-packages/setuptools/__init__.py", line 115, in setup
      return distutils.core.setup(**attrs)
             ^^^^^^^^^^^^^^^^^^^^^^^^^^^^^
    File "/tmp/pip-build-env-j8fj9qom/overlay/local/lib/python3.12/dist-packages/setuptools/_distutils/core.py", line 186, in setup
      return run_commands(dist)
             ^^^^^^^^^^^^^^^^^^
    File "/tmp/pip-build-env-j8fj9qom/overlay/local/lib/python3.12/dist-packages/setuptools/_distutils/core.py", line 202, in run_commands
      dist.run_commands()
    File "/tmp/pip-build-env-j8fj9qom/overlay/local/lib/python3.12/dist-packages/setuptools/_distutils/dist.py", line 1002, in run_commands
      self.run_command(cmd)
    File "/tmp/pip-build-env-j8fj9qom/overlay/local/lib/python3.12/dist-packages/setuptools/dist.py", line 1102, in run_command
      super().run_command(command)
    File "/tmp/pip-build-env-j8fj9qom/overlay/local/lib/python3.12/dist-packages/setuptools/_distutils/dist.py", line 1021, in run_command
      cmd_obj.run()
    File "<string>", line 359, in run
    File "/tmp/pip-build-env-j8fj9qom/overlay/local/lib/python3.12/dist-packages/setuptools/command/bdist_wheel.py", line 370, in run
      self.run_command("build")
    File "/tmp/pip-build-env-j8fj9qom/overlay/local/lib/python3.12/dist-packages/setuptools/_distutils/cmd.py", line 357, in run_command
      self.distribution.run_command(command)
    File "/tmp/pip-build-env-j8fj9qom/overlay/local/lib/python3.12/dist-packages/setuptools/dist.py", line 1102, in run_command
      super().run_command(command)
    File "/tmp/pip-build-env-j8fj9qom/overlay/local/lib/python3.12/dist-packages/setuptools/_distutils/dist.py", line 1021, in run_command
      cmd_obj.run()
    File "/tmp/pip-build-env-j8fj9qom/overlay/local/lib/python3.12/dist-packages/setuptools/_distutils/command/build.py", line 135, in run
      self.run_command(cmd_name)
    File "/tmp/pip-build-env-j8fj9qom/overlay/local/lib/python3.12/dist-packages/setuptools/_distutils/cmd.py", line 357, in run_command
      self.distribution.run_command(command)
    File "/tmp/pip-build-env-j8fj9qom/overlay/local/lib/python3.12/dist-packages/setuptools/dist.py", line 1102, in run_command
      super().run_command(command)
    File "/tmp/pip-build-env-j8fj9qom/overlay/local/lib/python3.12/dist-packages/setuptools/_distutils/dist.py", line 1021, in run_command
      cmd_obj.run()
    File "/tmp/pip-build-env-j8fj9qom/overlay/local/lib/python3.12/dist-packages/setuptools/command/build_ext.py", line 96, in run
      _build_ext.run(self)
    File "/tmp/pip-build-env-j8fj9qom/overlay/local/lib/python3.12/dist-packages/setuptools/_distutils/command/build_ext.py", line 368, in run
      self.build_extensions()
    File "/tmp/pip-build-env-j8fj9qom/overlay/local/lib/python3.12/dist-packages/torch/utils/cpp_extension.py", line 1082, in build_extensions
      build_ext.build_extensions(self)
    File "/tmp/pip-build-env-j8fj9qom/overlay/local/lib/python3.12/dist-packages/setuptools/_distutils/command/build_ext.py", line 484, in build_extensions
      self._build_extensions_serial()
    File "/tmp/pip-build-env-j8fj9qom/overlay/local/lib/python3.12/dist-packages/setuptools/_distutils/command/build_ext.py", line 510, in _build_extensions_serial
      self.build_extension(ext)
    File "/tmp/pip-build-env-j8fj9qom/overlay/local/lib/python3.12/dist-packages/setuptools/command/build_ext.py", line 261, in build_extension
      _build_ext.build_extension(self, ext)
    File "/tmp/pip-build-env-j8fj9qom/overlay/local/lib/python3.12/dist-packages/setuptools/_distutils/command/build_ext.py", line 565, in build_extension
      objects = self.compiler.compile(
                ^^^^^^^^^^^^^^^^^^^^^^
    File "/tmp/pip-build-env-j8fj9qom/overlay/local/lib/python3.12/dist-packages/torch/utils/cpp_extension.py", line 866, in unix_wrap_ninja_compile
      _write_ninja_file_and_compile_objects(
    File "/tmp/pip-build-env-j8fj9qom/overlay/local/lib/python3.12/dist-packages/torch/utils/cpp_extension.py", line 2223, in _write_ninja_file_and_compile_objects
      _run_ninja_build(
    File "/tmp/pip-build-env-j8fj9qom/overlay/local/lib/python3.12/dist-packages/torch/utils/cpp_extension.py", line 2614, in _run_ninja_build
      raise RuntimeError(message) from e
  RuntimeError: Error compiling objects for extension
  error: subprocess-exited-with-error
  
   Building wheel for mamba_ssm (pyproject.toml) did not run successfully.
   exit code: 1
  > No available output.
  
  note: This error originates from a subprocess, and is likely not a problem with pip.
  full command: /usr/bin/python3 /home/torpedo/.local/lib/python3.12/site-packages/pip/_vendor/pyproject_hooks/_in_process/_in_process.py build_wheel /tmp/tmp02rtz5gc
  cwd: /home/torpedo/Workspace/FL4mamba/packages/mamba_ssm
  Building wheel for mamba_ssm (pyproject.toml): finished with status 'error'
  ERROR: Failed building wheel for mamba_ssm
Failed to build mamba_ssm
error: failed-wheel-build-for-install

 Failed to build installable wheels for some pyproject.toml based projects
> mamba_ssm
